0 info it worked if it ends with ok
1 verbose cli [ '/usr/local/bin/node', '/usr/local/bin/npm', 'install' ]
2 info using npm@3.9.5
3 info using node@v6.2.2
4 verbose config Skipping project config: /Users/Michael/.npmrc. (matches userconfig)
5 silly loadCurrentTree Starting
6 silly install loadCurrentTree
7 silly install readLocalPackageData
8 silly install normalizeTree
9 silly loadCurrentTree Finishing
10 silly loadIdealTree Starting
11 silly install loadIdealTree
12 silly cloneCurrentTree Starting
13 silly install cloneCurrentTreeToIdealTree
14 silly cloneCurrentTree Finishing
15 silly loadShrinkwrap Starting
16 silly install loadShrinkwrap
17 silly loadShrinkwrap Finishing
18 silly loadAllDepsIntoIdealTree Starting
19 silly install loadAllDepsIntoIdealTree
20 silly loadAllDepsIntoIdealTree Finishing
21 silly idealTree:prePrune Michael
21 silly idealTree:prePrune ├── accepts@1.3.3
21 silly idealTree:prePrune ├── ambi@2.5.0
21 silly idealTree:prePrune ├── amdefine@1.0.0
21 silly idealTree:prePrune ├── ansi-regex@2.0.0
21 silly idealTree:prePrune ├── ansi-styles@2.2.1
21 silly idealTree:prePrune ├── anymatch@1.3.0
21 silly idealTree:prePrune ├── apache-crypt@1.1.2
21 silly idealTree:prePrune ├── apache-md5@1.0.6
21 silly idealTree:prePrune ├── arr-diff@2.0.0
21 silly idealTree:prePrune ├── arr-flatten@1.0.1
21 silly idealTree:prePrune ├── array-find-index@1.0.1
21 silly idealTree:prePrune ├── array-flatten@1.1.1
21 silly idealTree:prePrune ├── array-uniq@1.0.3
21 silly idealTree:prePrune ├── array-unique@0.2.1
21 silly idealTree:prePrune ├── arrify@1.0.1
21 silly idealTree:prePrune ├── asn1@0.2.3
21 silly idealTree:prePrune ├── assert-plus@0.2.0
21 silly idealTree:prePrune ├── async-each@1.0.1
21 silly idealTree:prePrune ├── async@2.0.1
21 silly idealTree:prePrune ├── aws-sign2@0.6.0
21 silly idealTree:prePrune ├── aws4@1.4.1
21 silly idealTree:prePrune ├─┬ babel-cli@6.14.0
21 silly idealTree:prePrune │ ├── babel-core@6.14.0
21 silly idealTree:prePrune │ ├── babel-generator@6.14.0
21 silly idealTree:prePrune │ ├── babel-register@6.14.0
21 silly idealTree:prePrune │ ├── babel-template@6.15.0
21 silly idealTree:prePrune │ ├── babel-traverse@6.15.0
21 silly idealTree:prePrune │ ├── babel-types@6.15.0
21 silly idealTree:prePrune │ └── babylon@6.9.1
21 silly idealTree:prePrune ├── babel-code-frame@6.11.0
21 silly idealTree:prePrune ├── babel-core@6.13.2
21 silly idealTree:prePrune ├── babel-generator@6.11.4
21 silly idealTree:prePrune ├── babel-helpers@6.8.0
21 silly idealTree:prePrune ├── babel-messages@6.8.0
21 silly idealTree:prePrune ├── babel-polyfill@6.13.0
21 silly idealTree:prePrune ├── babel-register@6.11.6
21 silly idealTree:prePrune ├── babel-runtime@6.11.6
21 silly idealTree:prePrune ├── babel-template@6.9.0
21 silly idealTree:prePrune ├── babel-traverse@6.13.0
21 silly idealTree:prePrune ├── babel-types@6.13.0
21 silly idealTree:prePrune ├── babylon@6.8.4
21 silly idealTree:prePrune ├── balanced-match@0.4.2
21 silly idealTree:prePrune ├── basic-auth@1.0.4
21 silly idealTree:prePrune ├── batch@0.5.3
21 silly idealTree:prePrune ├─┬ bcrypt-pbkdf@1.0.0
21 silly idealTree:prePrune │ └── tweetnacl@0.14.3
21 silly idealTree:prePrune ├── bin-version-check@2.1.0
21 silly idealTree:prePrune ├── bin-version@1.0.4
21 silly idealTree:prePrune ├── binary-extensions@1.5.0
21 silly idealTree:prePrune ├─┬ bl@1.1.2
21 silly idealTree:prePrune │ └── readable-stream@2.0.6
21 silly idealTree:prePrune ├─┬ body-parser@1.15.2
21 silly idealTree:prePrune │ └── qs@6.2.0
21 silly idealTree:prePrune ├── boom@2.10.1
21 silly idealTree:prePrune ├── brace-expansion@1.1.6
21 silly idealTree:prePrune ├── braces@1.8.5
21 silly idealTree:prePrune ├── buffer-shims@1.0.0
21 silly idealTree:prePrune ├── builtin-modules@1.1.1
21 silly idealTree:prePrune ├── bytes@2.4.0
21 silly idealTree:prePrune ├── camelcase-keys@2.1.0
21 silly idealTree:prePrune ├── camelcase@2.1.1
21 silly idealTree:prePrune ├── caseless@0.11.0
21 silly idealTree:prePrune ├── chalk@1.1.1
21 silly idealTree:prePrune ├── chokidar@1.6.0
21 silly idealTree:prePrune ├── colors@1.1.2
21 silly idealTree:prePrune ├── combined-stream@1.0.5
21 silly idealTree:prePrune ├── commander@2.9.0
21 silly idealTree:prePrune ├── concat-map@0.0.1
21 silly idealTree:prePrune ├── connect@3.4.1
21 silly idealTree:prePrune ├── content-disposition@0.5.1
21 silly idealTree:prePrune ├── content-type@1.0.2
21 silly idealTree:prePrune ├── convert-source-map@1.3.0
21 silly idealTree:prePrune ├── cookie-signature@1.0.6
21 silly idealTree:prePrune ├── cookie@0.3.1
21 silly idealTree:prePrune ├── core-js@2.4.1
21 silly idealTree:prePrune ├── core-util-is@1.0.2
21 silly idealTree:prePrune ├── cors@2.7.1
21 silly idealTree:prePrune ├── cryptiles@2.0.5
21 silly idealTree:prePrune ├── csextends@1.0.3
21 silly idealTree:prePrune ├── currently-unhandled@0.4.1
21 silly idealTree:prePrune ├─┬ dashdash@1.14.0
21 silly idealTree:prePrune │ └── assert-plus@1.0.0
21 silly idealTree:prePrune ├── debug@2.2.0
21 silly idealTree:prePrune ├── decamelize@1.2.0
21 silly idealTree:prePrune ├── delayed-stream@1.0.0
21 silly idealTree:prePrune ├── depd@1.1.0
21 silly idealTree:prePrune ├── destroy@1.0.4
21 silly idealTree:prePrune ├── detect-indent@3.0.1
21 silly idealTree:prePrune ├── duplexer@0.1.1
21 silly idealTree:prePrune ├── eachr@3.2.0
21 silly idealTree:prePrune ├── ecc-jsbn@0.1.1
21 silly idealTree:prePrune ├── editions@1.1.2
21 silly idealTree:prePrune ├── ee-first@1.1.1
21 silly idealTree:prePrune ├── encodeurl@1.0.1
21 silly idealTree:prePrune ├── error-ex@1.3.0
21 silly idealTree:prePrune ├── escape-html@1.0.3
21 silly idealTree:prePrune ├── escape-string-regexp@1.0.5
21 silly idealTree:prePrune ├── esutils@2.0.2
21 silly idealTree:prePrune ├── etag@1.7.0
21 silly idealTree:prePrune ├── event-stream@3.3.4
21 silly idealTree:prePrune ├── expand-brackets@0.1.5
21 silly idealTree:prePrune ├── expand-range@1.8.2
21 silly idealTree:prePrune ├─┬ express@4.14.0
21 silly idealTree:prePrune │ ├── finalhandler@0.5.0
21 silly idealTree:prePrune │ └── qs@6.2.0
21 silly idealTree:prePrune ├── extend@3.0.0
21 silly idealTree:prePrune ├── extendr@3.2.2
21 silly idealTree:prePrune ├── extglob@0.3.2
21 silly idealTree:prePrune ├── extract-opts@3.3.1
21 silly idealTree:prePrune ├── extsprintf@1.0.2
21 silly idealTree:prePrune ├── faye-websocket@0.11.0
21 silly idealTree:prePrune ├── filename-regex@2.0.0
21 silly idealTree:prePrune ├── fill-range@2.2.3
21 silly idealTree:prePrune ├── finalhandler@0.4.1
21 silly idealTree:prePrune ├─┬ find-up@1.1.2
21 silly idealTree:prePrune │ └── path-exists@2.1.0
21 silly idealTree:prePrune ├── find-versions@1.2.1
21 silly idealTree:prePrune ├── for-in@0.1.5
21 silly idealTree:prePrune ├── for-own@0.1.4
21 silly idealTree:prePrune ├── forever-agent@0.6.1
21 silly idealTree:prePrune ├── form-data@1.0.1
21 silly idealTree:prePrune ├── forwarded@0.1.0
21 silly idealTree:prePrune ├── fresh@0.3.0
21 silly idealTree:prePrune ├── from@0.1.3
21 silly idealTree:prePrune ├── fs-readdir-recursive@0.1.2
21 silly idealTree:prePrune ├─┬ fsevents@1.0.14
21 silly idealTree:prePrune │ ├── abbrev@1.0.9
21 silly idealTree:prePrune │ ├── ansi-regex@2.0.0
21 silly idealTree:prePrune │ ├── ansi-styles@2.2.1
21 silly idealTree:prePrune │ ├── aproba@1.0.4
21 silly idealTree:prePrune │ ├── are-we-there-yet@1.1.2
21 silly idealTree:prePrune │ ├── asn1@0.2.3
21 silly idealTree:prePrune │ ├── assert-plus@0.2.0
21 silly idealTree:prePrune │ ├── async@1.5.2
21 silly idealTree:prePrune │ ├── aws-sign2@0.6.0
21 silly idealTree:prePrune │ ├── aws4@1.4.1
21 silly idealTree:prePrune │ ├── balanced-match@0.4.2
21 silly idealTree:prePrune │ ├─┬ bl@1.1.2
21 silly idealTree:prePrune │ │ └── readable-stream@2.0.6
21 silly idealTree:prePrune │ ├── block-stream@0.0.9
21 silly idealTree:prePrune │ ├── boom@2.10.1
21 silly idealTree:prePrune │ ├── brace-expansion@1.1.5
21 silly idealTree:prePrune │ ├── buffer-shims@1.0.0
21 silly idealTree:prePrune │ ├── caseless@0.11.0
21 silly idealTree:prePrune │ ├── chalk@1.1.3
21 silly idealTree:prePrune │ ├── code-point-at@1.0.0
21 silly idealTree:prePrune │ ├── combined-stream@1.0.5
21 silly idealTree:prePrune │ ├── commander@2.9.0
21 silly idealTree:prePrune │ ├── concat-map@0.0.1
21 silly idealTree:prePrune │ ├── console-control-strings@1.1.0
21 silly idealTree:prePrune │ ├── core-util-is@1.0.2
21 silly idealTree:prePrune │ ├── cryptiles@2.0.5
21 silly idealTree:prePrune │ ├─┬ dashdash@1.14.0
21 silly idealTree:prePrune │ │ └── assert-plus@1.0.0
21 silly idealTree:prePrune │ ├── debug@2.2.0
21 silly idealTree:prePrune │ ├── deep-extend@0.4.1
21 silly idealTree:prePrune │ ├── delayed-stream@1.0.0
21 silly idealTree:prePrune │ ├── delegates@1.0.0
21 silly idealTree:prePrune │ ├── ecc-jsbn@0.1.1
21 silly idealTree:prePrune │ ├── escape-string-regexp@1.0.5
21 silly idealTree:prePrune │ ├── extend@3.0.0
21 silly idealTree:prePrune │ ├── extsprintf@1.0.2
21 silly idealTree:prePrune │ ├── forever-agent@0.6.1
21 silly idealTree:prePrune │ ├── form-data@1.0.0-rc4
21 silly idealTree:prePrune │ ├── fs.realpath@1.0.0
21 silly idealTree:prePrune │ ├── fstream-ignore@1.0.5
21 silly idealTree:prePrune │ ├── fstream@1.0.10
21 silly idealTree:prePrune │ ├── gauge@2.6.0
21 silly idealTree:prePrune │ ├── generate-function@2.0.0
21 silly idealTree:prePrune │ ├── generate-object-property@1.2.0
21 silly idealTree:prePrune │ ├─┬ getpass@0.1.6
21 silly idealTree:prePrune │ │ └── assert-plus@1.0.0
21 silly idealTree:prePrune │ ├── glob@7.0.5
21 silly idealTree:prePrune │ ├── graceful-fs@4.1.4
21 silly idealTree:prePrune │ ├── graceful-readlink@1.0.1
21 silly idealTree:prePrune │ ├── har-validator@2.0.6
21 silly idealTree:prePrune │ ├── has-ansi@2.0.0
21 silly idealTree:prePrune │ ├── has-color@0.1.7
21 silly idealTree:prePrune │ ├── has-unicode@2.0.1
21 silly idealTree:prePrune │ ├── hawk@3.1.3
21 silly idealTree:prePrune │ ├── hoek@2.16.3
21 silly idealTree:prePrune │ ├── http-signature@1.1.1
21 silly idealTree:prePrune │ ├── inflight@1.0.5
21 silly idealTree:prePrune │ ├── inherits@2.0.1
21 silly idealTree:prePrune │ ├── ini@1.3.4
21 silly idealTree:prePrune │ ├── is-fullwidth-code-point@1.0.0
21 silly idealTree:prePrune │ ├── is-my-json-valid@2.13.1
21 silly idealTree:prePrune │ ├── is-property@1.0.2
21 silly idealTree:prePrune │ ├── is-typedarray@1.0.0
21 silly idealTree:prePrune │ ├── isarray@1.0.0
21 silly idealTree:prePrune │ ├── isstream@0.1.2
21 silly idealTree:prePrune │ ├── jodid25519@1.0.2
21 silly idealTree:prePrune │ ├── jsbn@0.1.0
21 silly idealTree:prePrune │ ├── json-schema@0.2.2
21 silly idealTree:prePrune │ ├── json-stringify-safe@5.0.1
21 silly idealTree:prePrune │ ├── jsonpointer@2.0.0
21 silly idealTree:prePrune │ ├── jsprim@1.3.0
21 silly idealTree:prePrune │ ├── mime-db@1.23.0
21 silly idealTree:prePrune │ ├── mime-types@2.1.11
21 silly idealTree:prePrune │ ├── minimatch@3.0.2
21 silly idealTree:prePrune │ ├── minimist@0.0.8
21 silly idealTree:prePrune │ ├── mkdirp@0.5.1
21 silly idealTree:prePrune │ ├── ms@0.7.1
21 silly idealTree:prePrune │ ├── node-pre-gyp@0.6.29
21 silly idealTree:prePrune │ ├── node-uuid@1.4.7
21 silly idealTree:prePrune │ ├── nopt@3.0.6
21 silly idealTree:prePrune │ ├── npmlog@3.1.2
21 silly idealTree:prePrune │ ├── number-is-nan@1.0.0
21 silly idealTree:prePrune │ ├── oauth-sign@0.8.2
21 silly idealTree:prePrune │ ├── object-assign@4.1.0
21 silly idealTree:prePrune │ ├── once@1.3.3
21 silly idealTree:prePrune │ ├── path-is-absolute@1.0.0
21 silly idealTree:prePrune │ ├── pinkie-promise@2.0.1
21 silly idealTree:prePrune │ ├── pinkie@2.0.4
21 silly idealTree:prePrune │ ├── process-nextick-args@1.0.7
21 silly idealTree:prePrune │ ├── qs@6.2.0
21 silly idealTree:prePrune │ ├─┬ rc@1.1.6
21 silly idealTree:prePrune │ │ └── minimist@1.2.0
21 silly idealTree:prePrune │ ├── readable-stream@2.1.4
21 silly idealTree:prePrune │ ├── request@2.73.0
21 silly idealTree:prePrune │ ├── rimraf@2.5.3
21 silly idealTree:prePrune │ ├── semver@5.2.0
21 silly idealTree:prePrune │ ├── set-blocking@2.0.0
21 silly idealTree:prePrune │ ├── signal-exit@3.0.0
21 silly idealTree:prePrune │ ├── sntp@1.0.9
21 silly idealTree:prePrune │ ├─┬ sshpk@1.8.3
21 silly idealTree:prePrune │ │ └── assert-plus@1.0.0
21 silly idealTree:prePrune │ ├── string_decoder@0.10.31
21 silly idealTree:prePrune │ ├── string-width@1.0.1
21 silly idealTree:prePrune │ ├── stringstream@0.0.5
21 silly idealTree:prePrune │ ├── strip-ansi@3.0.1
21 silly idealTree:prePrune │ ├── strip-json-comments@1.0.4
21 silly idealTree:prePrune │ ├── supports-color@2.0.0
21 silly idealTree:prePrune │ ├── tar-pack@3.1.4
21 silly idealTree:prePrune │ ├── tar@2.2.1
21 silly idealTree:prePrune │ ├── tough-cookie@2.2.2
21 silly idealTree:prePrune │ ├── tunnel-agent@0.4.3
21 silly idealTree:prePrune │ ├── tweetnacl@0.13.3
21 silly idealTree:prePrune │ ├── uid-number@0.0.6
21 silly idealTree:prePrune │ ├── util-deprecate@1.0.2
21 silly idealTree:prePrune │ ├── verror@1.3.6
21 silly idealTree:prePrune │ ├── wide-align@1.1.0
21 silly idealTree:prePrune │ ├── wrappy@1.0.2
21 silly idealTree:prePrune │ └── xtend@4.0.1
21 silly idealTree:prePrune ├── generate-function@2.0.0
21 silly idealTree:prePrune ├── generate-object-property@1.2.0
21 silly idealTree:prePrune ├── get-stdin@4.0.1
21 silly idealTree:prePrune ├─┬ getpass@0.1.6
21 silly idealTree:prePrune │ └── assert-plus@1.0.0
21 silly idealTree:prePrune ├── glob-base@0.3.0
21 silly idealTree:prePrune ├── glob-parent@2.0.0
21 silly idealTree:prePrune ├── glob@5.0.15
21 silly idealTree:prePrune ├── globals@8.18.0
21 silly idealTree:prePrune ├── graceful-fs@4.1.5
21 silly idealTree:prePrune ├── graceful-readlink@1.0.1
21 silly idealTree:prePrune ├── har-validator@2.0.6
21 silly idealTree:prePrune ├── has-ansi@2.0.0
21 silly idealTree:prePrune ├── hawk@3.1.3
21 silly idealTree:prePrune ├── hoek@2.16.3
21 silly idealTree:prePrune ├── home-or-tmp@1.0.0
21 silly idealTree:prePrune ├── hosted-git-info@2.1.5
21 silly idealTree:prePrune ├── http-auth@2.4.4
21 silly idealTree:prePrune ├── http-errors@1.5.0
21 silly idealTree:prePrune ├── http-signature@1.1.1
21 silly idealTree:prePrune ├── iconv-lite@0.4.13
21 silly idealTree:prePrune ├── ignorefs@1.1.1
21 silly idealTree:prePrune ├── ignorepatterns@1.1.0
21 silly idealTree:prePrune ├─┬ indent-string@2.1.0
21 silly idealTree:prePrune │ └── repeating@2.0.1
21 silly idealTree:prePrune ├── inflight@1.0.5
21 silly idealTree:prePrune ├── inherits@2.0.1
21 silly idealTree:prePrune ├── invariant@2.2.1
21 silly idealTree:prePrune ├── ipaddr.js@1.1.1
21 silly idealTree:prePrune ├── is-arrayish@0.2.1
21 silly idealTree:prePrune ├── is-binary-path@1.0.1
21 silly idealTree:prePrune ├── is-buffer@1.1.4
21 silly idealTree:prePrune ├── is-builtin-module@1.0.0
21 silly idealTree:prePrune ├── is-dotfile@1.0.2
21 silly idealTree:prePrune ├── is-equal-shallow@0.1.3
21 silly idealTree:prePrune ├── is-extendable@0.1.1
21 silly idealTree:prePrune ├── is-extglob@1.0.0
21 silly idealTree:prePrune ├── is-finite@1.0.1
21 silly idealTree:prePrune ├── is-glob@2.0.1
21 silly idealTree:prePrune ├── is-my-json-valid@2.13.1
21 silly idealTree:prePrune ├── is-number@2.1.0
21 silly idealTree:prePrune ├── is-posix-bracket@0.1.1
21 silly idealTree:prePrune ├── is-primitive@2.0.0
21 silly idealTree:prePrune ├── is-property@1.0.2
21 silly idealTree:prePrune ├── is-typedarray@1.0.0
21 silly idealTree:prePrune ├── is-utf8@0.2.1
21 silly idealTree:prePrune ├── isarray@1.0.0
21 silly idealTree:prePrune ├── isobject@2.1.0
21 silly idealTree:prePrune ├── isstream@0.1.2
21 silly idealTree:prePrune ├── jodid25519@1.0.2
21 silly idealTree:prePrune ├── jquery@3.1.0
21 silly idealTree:prePrune ├── js-tokens@2.0.0
21 silly idealTree:prePrune ├── jsbn@0.1.0
21 silly idealTree:prePrune ├── json-schema@0.2.2
21 silly idealTree:prePrune ├── json-stringify-safe@5.0.1
21 silly idealTree:prePrune ├── json5@0.4.0
21 silly idealTree:prePrune ├── jsonpointer@2.0.0
21 silly idealTree:prePrune ├── jsprim@1.3.0
21 silly idealTree:prePrune ├── kind-of@3.0.4
21 silly idealTree:prePrune ├─┬ live-server@1.1.0
21 silly idealTree:prePrune │ └── object-assign@4.1.0
21 silly idealTree:prePrune ├── load-json-file@1.1.0
21 silly idealTree:prePrune ├── lodash@4.15.0
21 silly idealTree:prePrune ├── log-symbols@1.0.2
21 silly idealTree:prePrune ├─┬ loose-envify@1.2.0
21 silly idealTree:prePrune │ └── js-tokens@1.0.3
21 silly idealTree:prePrune ├── loud-rejection@1.6.0
21 silly idealTree:prePrune ├── map-obj@1.0.1
21 silly idealTree:prePrune ├── map-stream@0.1.0
21 silly idealTree:prePrune ├── media-typer@0.3.0
21 silly idealTree:prePrune ├── meow@3.7.0
21 silly idealTree:prePrune ├── merge-descriptors@1.0.1
21 silly idealTree:prePrune ├── methods@1.1.2
21 silly idealTree:prePrune ├── micromatch@2.3.11
21 silly idealTree:prePrune ├── mime-db@1.23.0
21 silly idealTree:prePrune ├── mime-types@2.1.11
21 silly idealTree:prePrune ├── mime@1.3.4
21 silly idealTree:prePrune ├── minimatch@3.0.3
21 silly idealTree:prePrune ├── minimist@1.2.0
21 silly idealTree:prePrune ├─┬ mkdirp@0.5.1
21 silly idealTree:prePrune │ └── minimist@0.0.8
21 silly idealTree:prePrune ├── morgan@1.7.0
21 silly idealTree:prePrune ├── ms@0.7.1
21 silly idealTree:prePrune ├── nan@2.4.0
21 silly idealTree:prePrune ├── negotiator@0.6.1
21 silly idealTree:prePrune ├── node-uuid@1.4.7
21 silly idealTree:prePrune ├── normalize-package-data@2.3.5
21 silly idealTree:prePrune ├── normalize-path@2.0.1
21 silly idealTree:prePrune ├── number-is-nan@1.0.0
21 silly idealTree:prePrune ├── oauth-sign@0.8.2
21 silly idealTree:prePrune ├── object-assign@4.1.0
21 silly idealTree:prePrune ├── object.omit@2.0.0
21 silly idealTree:prePrune ├── on-finished@2.3.0
21 silly idealTree:prePrune ├── on-headers@1.0.1
21 silly idealTree:prePrune ├── once@1.3.3
21 silly idealTree:prePrune ├── opn@4.0.2
21 silly idealTree:prePrune ├── os-tmpdir@1.0.1
21 silly idealTree:prePrune ├── output-file-sync@1.1.2
21 silly idealTree:prePrune ├── parse-glob@3.0.4
21 silly idealTree:prePrune ├── parse-json@2.2.0
21 silly idealTree:prePrune ├── parseurl@1.3.1
21 silly idealTree:prePrune ├── path-exists@1.0.0
21 silly idealTree:prePrune ├── path-is-absolute@1.0.0
21 silly idealTree:prePrune ├── path-to-regexp@0.1.7
21 silly idealTree:prePrune ├── path-type@1.1.0
21 silly idealTree:prePrune ├── pause-stream@0.0.11
21 silly idealTree:prePrune ├── pify@2.3.0
21 silly idealTree:prePrune ├── pinkie-promise@2.0.1
21 silly idealTree:prePrune ├── pinkie@2.0.4
21 silly idealTree:prePrune ├── preserve@0.2.0
21 silly idealTree:prePrune ├── private@0.1.6
21 silly idealTree:prePrune ├── process-nextick-args@1.0.7
21 silly idealTree:prePrune ├── proxy-addr@1.1.2
21 silly idealTree:prePrune ├── proxy-middleware@0.15.0
21 silly idealTree:prePrune ├── qs@6.2.1
21 silly idealTree:prePrune ├── randomatic@1.1.5
21 silly idealTree:prePrune ├── range-parser@1.2.0
21 silly idealTree:prePrune ├── raw-body@2.1.7
21 silly idealTree:prePrune ├── read-pkg-up@1.0.1
21 silly idealTree:prePrune ├── read-pkg@1.1.0
21 silly idealTree:prePrune ├── readable-stream@2.1.5
21 silly idealTree:prePrune ├── readdirp@2.1.0
21 silly idealTree:prePrune ├── redent@1.0.0
21 silly idealTree:prePrune ├── regenerator-runtime@0.9.5
21 silly idealTree:prePrune ├── regex-cache@0.4.3
21 silly idealTree:prePrune ├── repeat-element@1.1.2
21 silly idealTree:prePrune ├── repeat-string@1.5.4
21 silly idealTree:prePrune ├── repeating@1.1.3
21 silly idealTree:prePrune ├── request@2.74.0
21 silly idealTree:prePrune ├── safefs@4.1.0
21 silly idealTree:prePrune ├─┬ scandirectory@2.5.0
21 silly idealTree:prePrune │ ├── safefs@3.2.2
21 silly idealTree:prePrune │ └── taskgroup@4.3.1
21 silly idealTree:prePrune ├── semver-regex@1.0.0
21 silly idealTree:prePrune ├─┬ semver-truncate@1.1.2
21 silly idealTree:prePrune │ └── semver@5.3.0
21 silly idealTree:prePrune ├── semver@4.3.6
21 silly idealTree:prePrune ├── send@0.14.1
21 silly idealTree:prePrune ├── serve-index@1.8.0
21 silly idealTree:prePrune ├── serve-static@1.11.1
21 silly idealTree:prePrune ├── set-immediate-shim@1.0.1
21 silly idealTree:prePrune ├── setprototypeof@1.0.1
21 silly idealTree:prePrune ├── shebang-regex@1.0.0
21 silly idealTree:prePrune ├── signal-exit@3.0.0
21 silly idealTree:prePrune ├── slash@1.0.0
21 silly idealTree:prePrune ├── sntp@1.0.9
21 silly idealTree:prePrune ├─┬ source-map-support@0.2.10
21 silly idealTree:prePrune │ └── source-map@0.1.32
21 silly idealTree:prePrune ├── source-map@0.5.6
21 silly idealTree:prePrune ├── spdx-correct@1.0.2
21 silly idealTree:prePrune ├── spdx-expression-parse@1.0.3
21 silly idealTree:prePrune ├── spdx-license-ids@1.2.2
21 silly idealTree:prePrune ├── split@0.3.3
21 silly idealTree:prePrune ├─┬ sshpk@1.10.0
21 silly idealTree:prePrune │ └── assert-plus@1.0.0
21 silly idealTree:prePrune ├── statuses@1.3.0
21 silly idealTree:prePrune ├── stream-combiner@0.0.4
21 silly idealTree:prePrune ├── string_decoder@0.10.31
21 silly idealTree:prePrune ├── stringstream@0.0.5
21 silly idealTree:prePrune ├── strip-ansi@3.0.1
21 silly idealTree:prePrune ├── strip-bom@2.0.0
21 silly idealTree:prePrune ├── strip-indent@1.0.1
21 silly idealTree:prePrune ├── supports-color@2.0.0
21 silly idealTree:prePrune ├── taskgroup@5.0.1
21 silly idealTree:prePrune ├── through@2.3.8
21 silly idealTree:prePrune ├── to-fast-properties@1.0.2
21 silly idealTree:prePrune ├── tough-cookie@2.3.1
21 silly idealTree:prePrune ├── trim-newlines@1.0.0
21 silly idealTree:prePrune ├── tunnel-agent@0.4.3
21 silly idealTree:prePrune ├── tweetnacl@0.13.3
21 silly idealTree:prePrune ├── type-is@1.6.13
21 silly idealTree:prePrune ├── typechecker@4.3.0
21 silly idealTree:prePrune ├── unix-crypt-td-js@1.0.0
21 silly idealTree:prePrune ├── unpipe@1.0.0
21 silly idealTree:prePrune ├── user-home@1.1.1
21 silly idealTree:prePrune ├── util-deprecate@1.0.2
21 silly idealTree:prePrune ├── utils-merge@1.0.0
21 silly idealTree:prePrune ├── v8flags@2.0.11
21 silly idealTree:prePrune ├── validate-npm-package-license@3.0.1
21 silly idealTree:prePrune ├── vary@1.1.0
21 silly idealTree:prePrune ├── verror@1.3.6
21 silly idealTree:prePrune ├── watchr@2.6.0
21 silly idealTree:prePrune ├── websocket-driver@0.6.5
21 silly idealTree:prePrune ├── websocket-extensions@0.1.1
21 silly idealTree:prePrune ├── wrappy@1.0.2
21 silly idealTree:prePrune └── xtend@4.0.1
22 silly loadIdealTree Finishing
23 silly currentTree Michael
23 silly currentTree ├── accepts@1.3.3
23 silly currentTree ├── ambi@2.5.0
23 silly currentTree ├── amdefine@1.0.0
23 silly currentTree ├── ansi-regex@2.0.0
23 silly currentTree ├── ansi-styles@2.2.1
23 silly currentTree ├── anymatch@1.3.0
23 silly currentTree ├── apache-crypt@1.1.2
23 silly currentTree ├── apache-md5@1.0.6
23 silly currentTree ├── arr-diff@2.0.0
23 silly currentTree ├── arr-flatten@1.0.1
23 silly currentTree ├── array-find-index@1.0.1
23 silly currentTree ├── array-flatten@1.1.1
23 silly currentTree ├── array-uniq@1.0.3
23 silly currentTree ├── array-unique@0.2.1
23 silly currentTree ├── arrify@1.0.1
23 silly currentTree ├── asn1@0.2.3
23 silly currentTree ├── assert-plus@0.2.0
23 silly currentTree ├── async-each@1.0.1
23 silly currentTree ├── async@2.0.1
23 silly currentTree ├── aws-sign2@0.6.0
23 silly currentTree ├── aws4@1.4.1
23 silly currentTree ├─┬ babel-cli@6.14.0
23 silly currentTree │ ├── babel-core@6.14.0
23 silly currentTree │ ├── babel-generator@6.14.0
23 silly currentTree │ ├── babel-register@6.14.0
23 silly currentTree │ ├── babel-template@6.15.0
23 silly currentTree │ ├── babel-traverse@6.15.0
23 silly currentTree │ ├── babel-types@6.15.0
23 silly currentTree │ └── babylon@6.9.1
23 silly currentTree ├── babel-code-frame@6.11.0
23 silly currentTree ├── babel-core@6.13.2
23 silly currentTree ├── babel-generator@6.11.4
23 silly currentTree ├── babel-helpers@6.8.0
23 silly currentTree ├── babel-messages@6.8.0
23 silly currentTree ├── babel-polyfill@6.13.0
23 silly currentTree ├── babel-register@6.11.6
23 silly currentTree ├── babel-runtime@6.11.6
23 silly currentTree ├── babel-template@6.9.0
23 silly currentTree ├── babel-traverse@6.13.0
23 silly currentTree ├── babel-types@6.13.0
23 silly currentTree ├── babylon@6.8.4
23 silly currentTree ├── balanced-match@0.4.2
23 silly currentTree ├── basic-auth@1.0.4
23 silly currentTree ├── batch@0.5.3
23 silly currentTree ├─┬ bcrypt-pbkdf@1.0.0
23 silly currentTree │ └── tweetnacl@0.14.3
23 silly currentTree ├── bin-version-check@2.1.0
23 silly currentTree ├── bin-version@1.0.4
23 silly currentTree ├── binary-extensions@1.5.0
23 silly currentTree ├─┬ bl@1.1.2
23 silly currentTree │ └── readable-stream@2.0.6
23 silly currentTree ├─┬ body-parser@1.15.2
23 silly currentTree │ └── qs@6.2.0
23 silly currentTree ├── boom@2.10.1
23 silly currentTree ├── brace-expansion@1.1.6
23 silly currentTree ├── braces@1.8.5
23 silly currentTree ├── buffer-shims@1.0.0
23 silly currentTree ├── builtin-modules@1.1.1
23 silly currentTree ├── bytes@2.4.0
23 silly currentTree ├── camelcase-keys@2.1.0
23 silly currentTree ├── camelcase@2.1.1
23 silly currentTree ├── caseless@0.11.0
23 silly currentTree ├── chalk@1.1.1
23 silly currentTree ├── chokidar@1.6.0
23 silly currentTree ├── colors@1.1.2
23 silly currentTree ├── combined-stream@1.0.5
23 silly currentTree ├── commander@2.9.0
23 silly currentTree ├── concat-map@0.0.1
23 silly currentTree ├── connect@3.4.1
23 silly currentTree ├── content-disposition@0.5.1
23 silly currentTree ├── content-type@1.0.2
23 silly currentTree ├── convert-source-map@1.3.0
23 silly currentTree ├── cookie-signature@1.0.6
23 silly currentTree ├── cookie@0.3.1
23 silly currentTree ├── core-js@2.4.1
23 silly currentTree ├── core-util-is@1.0.2
23 silly currentTree ├── cors@2.7.1
23 silly currentTree ├── cryptiles@2.0.5
23 silly currentTree ├── csextends@1.0.3
23 silly currentTree ├── currently-unhandled@0.4.1
23 silly currentTree ├─┬ dashdash@1.14.0
23 silly currentTree │ └── assert-plus@1.0.0
23 silly currentTree ├── debug@2.2.0
23 silly currentTree ├── decamelize@1.2.0
23 silly currentTree ├── delayed-stream@1.0.0
23 silly currentTree ├── depd@1.1.0
23 silly currentTree ├── destroy@1.0.4
23 silly currentTree ├── detect-indent@3.0.1
23 silly currentTree ├── duplexer@0.1.1
23 silly currentTree ├── eachr@3.2.0
23 silly currentTree ├── ecc-jsbn@0.1.1
23 silly currentTree ├── editions@1.1.2
23 silly currentTree ├── ee-first@1.1.1
23 silly currentTree ├── encodeurl@1.0.1
23 silly currentTree ├── error-ex@1.3.0
23 silly currentTree ├── escape-html@1.0.3
23 silly currentTree ├── escape-string-regexp@1.0.5
23 silly currentTree ├── esutils@2.0.2
23 silly currentTree ├── etag@1.7.0
23 silly currentTree ├── event-stream@3.3.4
23 silly currentTree ├── expand-brackets@0.1.5
23 silly currentTree ├── expand-range@1.8.2
23 silly currentTree ├─┬ express@4.14.0
23 silly currentTree │ ├── finalhandler@0.5.0
23 silly currentTree │ └── qs@6.2.0
23 silly currentTree ├── extend@3.0.0
23 silly currentTree ├── extendr@3.2.2
23 silly currentTree ├── extglob@0.3.2
23 silly currentTree ├── extract-opts@3.3.1
23 silly currentTree ├── extsprintf@1.0.2
23 silly currentTree ├── faye-websocket@0.11.0
23 silly currentTree ├── filename-regex@2.0.0
23 silly currentTree ├── fill-range@2.2.3
23 silly currentTree ├── finalhandler@0.4.1
23 silly currentTree ├─┬ find-up@1.1.2
23 silly currentTree │ └── path-exists@2.1.0
23 silly currentTree ├── find-versions@1.2.1
23 silly currentTree ├── for-in@0.1.5
23 silly currentTree ├── for-own@0.1.4
23 silly currentTree ├── forever-agent@0.6.1
23 silly currentTree ├── form-data@1.0.1
23 silly currentTree ├── forwarded@0.1.0
23 silly currentTree ├── fresh@0.3.0
23 silly currentTree ├── from@0.1.3
23 silly currentTree ├── fs-readdir-recursive@0.1.2
23 silly currentTree ├─┬ fsevents@1.0.14
23 silly currentTree │ ├── abbrev@1.0.9
23 silly currentTree │ ├── ansi-regex@2.0.0
23 silly currentTree │ ├── ansi-styles@2.2.1
23 silly currentTree │ ├── aproba@1.0.4
23 silly currentTree │ ├── are-we-there-yet@1.1.2
23 silly currentTree │ ├── asn1@0.2.3
23 silly currentTree │ ├── assert-plus@0.2.0
23 silly currentTree │ ├── async@1.5.2
23 silly currentTree │ ├── aws-sign2@0.6.0
23 silly currentTree │ ├── aws4@1.4.1
23 silly currentTree │ ├── balanced-match@0.4.2
23 silly currentTree │ ├─┬ bl@1.1.2
23 silly currentTree │ │ └── readable-stream@2.0.6
23 silly currentTree │ ├── block-stream@0.0.9
23 silly currentTree │ ├── boom@2.10.1
23 silly currentTree │ ├── brace-expansion@1.1.5
23 silly currentTree │ ├── buffer-shims@1.0.0
23 silly currentTree │ ├── caseless@0.11.0
23 silly currentTree │ ├── chalk@1.1.3
23 silly currentTree │ ├── code-point-at@1.0.0
23 silly currentTree │ ├── combined-stream@1.0.5
23 silly currentTree │ ├── commander@2.9.0
23 silly currentTree │ ├── concat-map@0.0.1
23 silly currentTree │ ├── console-control-strings@1.1.0
23 silly currentTree │ ├── core-util-is@1.0.2
23 silly currentTree │ ├── cryptiles@2.0.5
23 silly currentTree │ ├─┬ dashdash@1.14.0
23 silly currentTree │ │ └── assert-plus@1.0.0
23 silly currentTree │ ├── debug@2.2.0
23 silly currentTree │ ├── deep-extend@0.4.1
23 silly currentTree │ ├── delayed-stream@1.0.0
23 silly currentTree │ ├── delegates@1.0.0
23 silly currentTree │ ├── ecc-jsbn@0.1.1
23 silly currentTree │ ├── escape-string-regexp@1.0.5
23 silly currentTree │ ├── extend@3.0.0
23 silly currentTree │ ├── extsprintf@1.0.2
23 silly currentTree │ ├── forever-agent@0.6.1
23 silly currentTree │ ├── form-data@1.0.0-rc4
23 silly currentTree │ ├── fs.realpath@1.0.0
23 silly currentTree │ ├── fstream-ignore@1.0.5
23 silly currentTree │ ├── fstream@1.0.10
23 silly currentTree │ ├── gauge@2.6.0
23 silly currentTree │ ├── generate-function@2.0.0
23 silly currentTree │ ├── generate-object-property@1.2.0
23 silly currentTree │ ├─┬ getpass@0.1.6
23 silly currentTree │ │ └── assert-plus@1.0.0
23 silly currentTree │ ├── glob@7.0.5
23 silly currentTree │ ├── graceful-fs@4.1.4
23 silly currentTree │ ├── graceful-readlink@1.0.1
23 silly currentTree │ ├── har-validator@2.0.6
23 silly currentTree │ ├── has-ansi@2.0.0
23 silly currentTree │ ├── has-color@0.1.7
23 silly currentTree │ ├── has-unicode@2.0.1
23 silly currentTree │ ├── hawk@3.1.3
23 silly currentTree │ ├── hoek@2.16.3
23 silly currentTree │ ├── http-signature@1.1.1
23 silly currentTree │ ├── inflight@1.0.5
23 silly currentTree │ ├── inherits@2.0.1
23 silly currentTree │ ├── ini@1.3.4
23 silly currentTree │ ├── is-fullwidth-code-point@1.0.0
23 silly currentTree │ ├── is-my-json-valid@2.13.1
23 silly currentTree │ ├── is-property@1.0.2
23 silly currentTree │ ├── is-typedarray@1.0.0
23 silly currentTree │ ├── isarray@1.0.0
23 silly currentTree │ ├── isstream@0.1.2
23 silly currentTree │ ├── jodid25519@1.0.2
23 silly currentTree │ ├── jsbn@0.1.0
23 silly currentTree │ ├── json-schema@0.2.2
23 silly currentTree │ ├── json-stringify-safe@5.0.1
23 silly currentTree │ ├── jsonpointer@2.0.0
23 silly currentTree │ ├── jsprim@1.3.0
23 silly currentTree │ ├── mime-db@1.23.0
23 silly currentTree │ ├── mime-types@2.1.11
23 silly currentTree │ ├── minimatch@3.0.2
23 silly currentTree │ ├── minimist@0.0.8
23 silly currentTree │ ├── mkdirp@0.5.1
23 silly currentTree │ ├── ms@0.7.1
23 silly currentTree │ ├── node-pre-gyp@0.6.29
23 silly currentTree │ ├── node-uuid@1.4.7
23 silly currentTree │ ├── nopt@3.0.6
23 silly currentTree │ ├── npmlog@3.1.2
23 silly currentTree │ ├── number-is-nan@1.0.0
23 silly currentTree │ ├── oauth-sign@0.8.2
23 silly currentTree │ ├── object-assign@4.1.0
23 silly currentTree │ ├── once@1.3.3
23 silly currentTree │ ├── path-is-absolute@1.0.0
23 silly currentTree │ ├── pinkie-promise@2.0.1
23 silly currentTree │ ├── pinkie@2.0.4
23 silly currentTree │ ├── process-nextick-args@1.0.7
23 silly currentTree │ ├── qs@6.2.0
23 silly currentTree │ ├─┬ rc@1.1.6
23 silly currentTree │ │ └── minimist@1.2.0
23 silly currentTree │ ├── readable-stream@2.1.4
23 silly currentTree │ ├── request@2.73.0
23 silly currentTree │ ├── rimraf@2.5.3
23 silly currentTree │ ├── semver@5.2.0
23 silly currentTree │ ├── set-blocking@2.0.0
23 silly currentTree │ ├── signal-exit@3.0.0
23 silly currentTree │ ├── sntp@1.0.9
23 silly currentTree │ ├─┬ sshpk@1.8.3
23 silly currentTree │ │ └── assert-plus@1.0.0
23 silly currentTree │ ├── string_decoder@0.10.31
23 silly currentTree │ ├── string-width@1.0.1
23 silly currentTree │ ├── stringstream@0.0.5
23 silly currentTree │ ├── strip-ansi@3.0.1
23 silly currentTree │ ├── strip-json-comments@1.0.4
23 silly currentTree │ ├── supports-color@2.0.0
23 silly currentTree │ ├── tar-pack@3.1.4
23 silly currentTree │ ├── tar@2.2.1
23 silly currentTree │ ├── tough-cookie@2.2.2
23 silly currentTree │ ├── tunnel-agent@0.4.3
23 silly currentTree │ ├── tweetnacl@0.13.3
23 silly currentTree │ ├── uid-number@0.0.6
23 silly currentTree │ ├── util-deprecate@1.0.2
23 silly currentTree │ ├── verror@1.3.6
23 silly currentTree │ ├── wide-align@1.1.0
23 silly currentTree │ ├── wrappy@1.0.2
23 silly currentTree │ └── xtend@4.0.1
23 silly currentTree ├── generate-function@2.0.0
23 silly currentTree ├── generate-object-property@1.2.0
23 silly currentTree ├── get-stdin@4.0.1
23 silly currentTree ├─┬ getpass@0.1.6
23 silly currentTree │ └── assert-plus@1.0.0
23 silly currentTree ├── glob-base@0.3.0
23 silly currentTree ├── glob-parent@2.0.0
23 silly currentTree ├── glob@5.0.15
23 silly currentTree ├── globals@8.18.0
23 silly currentTree ├── graceful-fs@4.1.5
23 silly currentTree ├── graceful-readlink@1.0.1
23 silly currentTree ├── har-validator@2.0.6
23 silly currentTree ├── has-ansi@2.0.0
23 silly currentTree ├── hawk@3.1.3
23 silly currentTree ├── hoek@2.16.3
23 silly currentTree ├── home-or-tmp@1.0.0
23 silly currentTree ├── hosted-git-info@2.1.5
23 silly currentTree ├── http-auth@2.4.4
23 silly currentTree ├── http-errors@1.5.0
23 silly currentTree ├── http-signature@1.1.1
23 silly currentTree ├── iconv-lite@0.4.13
23 silly currentTree ├── ignorefs@1.1.1
23 silly currentTree ├── ignorepatterns@1.1.0
23 silly currentTree ├─┬ indent-string@2.1.0
23 silly currentTree │ └── repeating@2.0.1
23 silly currentTree ├── inflight@1.0.5
23 silly currentTree ├── inherits@2.0.1
23 silly currentTree ├── invariant@2.2.1
23 silly currentTree ├── ipaddr.js@1.1.1
23 silly currentTree ├── is-arrayish@0.2.1
23 silly currentTree ├── is-binary-path@1.0.1
23 silly currentTree ├── is-buffer@1.1.4
23 silly currentTree ├── is-builtin-module@1.0.0
23 silly currentTree ├── is-dotfile@1.0.2
23 silly currentTree ├── is-equal-shallow@0.1.3
23 silly currentTree ├── is-extendable@0.1.1
23 silly currentTree ├── is-extglob@1.0.0
23 silly currentTree ├── is-finite@1.0.1
23 silly currentTree ├── is-glob@2.0.1
23 silly currentTree ├── is-my-json-valid@2.13.1
23 silly currentTree ├── is-number@2.1.0
23 silly currentTree ├── is-posix-bracket@0.1.1
23 silly currentTree ├── is-primitive@2.0.0
23 silly currentTree ├── is-property@1.0.2
23 silly currentTree ├── is-typedarray@1.0.0
23 silly currentTree ├── is-utf8@0.2.1
23 silly currentTree ├── isarray@1.0.0
23 silly currentTree ├── isobject@2.1.0
23 silly currentTree ├── isstream@0.1.2
23 silly currentTree ├── jodid25519@1.0.2
23 silly currentTree ├── jquery@3.1.0
23 silly currentTree ├── js-tokens@2.0.0
23 silly currentTree ├── jsbn@0.1.0
23 silly currentTree ├── json-schema@0.2.2
23 silly currentTree ├── json-stringify-safe@5.0.1
23 silly currentTree ├── json5@0.4.0
23 silly currentTree ├── jsonpointer@2.0.0
23 silly currentTree ├── jsprim@1.3.0
23 silly currentTree ├── kind-of@3.0.4
23 silly currentTree ├─┬ live-server@1.1.0
23 silly currentTree │ └── object-assign@4.1.0
23 silly currentTree ├── load-json-file@1.1.0
23 silly currentTree ├── lodash@4.15.0
23 silly currentTree ├── log-symbols@1.0.2
23 silly currentTree ├─┬ loose-envify@1.2.0
23 silly currentTree │ └── js-tokens@1.0.3
23 silly currentTree ├── loud-rejection@1.6.0
23 silly currentTree ├── map-obj@1.0.1
23 silly currentTree ├── map-stream@0.1.0
23 silly currentTree ├── media-typer@0.3.0
23 silly currentTree ├── meow@3.7.0
23 silly currentTree ├── merge-descriptors@1.0.1
23 silly currentTree ├── methods@1.1.2
23 silly currentTree ├── micromatch@2.3.11
23 silly currentTree ├── mime-db@1.23.0
23 silly currentTree ├── mime-types@2.1.11
23 silly currentTree ├── mime@1.3.4
23 silly currentTree ├── minimatch@3.0.3
23 silly currentTree ├── minimist@1.2.0
23 silly currentTree ├─┬ mkdirp@0.5.1
23 silly currentTree │ └── minimist@0.0.8
23 silly currentTree ├── morgan@1.7.0
23 silly currentTree ├── ms@0.7.1
23 silly currentTree ├── nan@2.4.0
23 silly currentTree ├── negotiator@0.6.1
23 silly currentTree ├── node-uuid@1.4.7
23 silly currentTree ├── normalize-package-data@2.3.5
23 silly currentTree ├── normalize-path@2.0.1
23 silly currentTree ├── number-is-nan@1.0.0
23 silly currentTree ├── oauth-sign@0.8.2
23 silly currentTree ├── object-assign@4.1.0
23 silly currentTree ├── object.omit@2.0.0
23 silly currentTree ├── on-finished@2.3.0
23 silly currentTree ├── on-headers@1.0.1
23 silly currentTree ├── once@1.3.3
23 silly currentTree ├── opn@4.0.2
23 silly currentTree ├── os-tmpdir@1.0.1
23 silly currentTree ├── output-file-sync@1.1.2
23 silly currentTree ├── parse-glob@3.0.4
23 silly currentTree ├── parse-json@2.2.0
23 silly currentTree ├── parseurl@1.3.1
23 silly currentTree ├── path-exists@1.0.0
23 silly currentTree ├── path-is-absolute@1.0.0
23 silly currentTree ├── path-to-regexp@0.1.7
23 silly currentTree ├── path-type@1.1.0
23 silly currentTree ├── pause-stream@0.0.11
23 silly currentTree ├── pify@2.3.0
23 silly currentTree ├── pinkie-promise@2.0.1
23 silly currentTree ├── pinkie@2.0.4
23 silly currentTree ├── preserve@0.2.0
23 silly currentTree ├── private@0.1.6
23 silly currentTree ├── process-nextick-args@1.0.7
23 silly currentTree ├── proxy-addr@1.1.2
23 silly currentTree ├── proxy-middleware@0.15.0
23 silly currentTree ├── qs@6.2.1
23 silly currentTree ├── randomatic@1.1.5
23 silly currentTree ├── range-parser@1.2.0
23 silly currentTree ├── raw-body@2.1.7
23 silly currentTree ├── read-pkg-up@1.0.1
23 silly currentTree ├── read-pkg@1.1.0
23 silly currentTree ├── readable-stream@2.1.5
23 silly currentTree ├── readdirp@2.1.0
23 silly currentTree ├── redent@1.0.0
23 silly currentTree ├── regenerator-runtime@0.9.5
23 silly currentTree ├── regex-cache@0.4.3
23 silly currentTree ├── repeat-element@1.1.2
23 silly currentTree ├── repeat-string@1.5.4
23 silly currentTree ├── repeating@1.1.3
23 silly currentTree ├── request@2.74.0
23 silly currentTree ├── safefs@4.1.0
23 silly currentTree ├─┬ scandirectory@2.5.0
23 silly currentTree │ ├── safefs@3.2.2
23 silly currentTree │ └── taskgroup@4.3.1
23 silly currentTree ├── semver-regex@1.0.0
23 silly currentTree ├─┬ semver-truncate@1.1.2
23 silly currentTree │ └── semver@5.3.0
23 silly currentTree ├── semver@4.3.6
23 silly currentTree ├── send@0.14.1
23 silly currentTree ├── serve-index@1.8.0
23 silly currentTree ├── serve-static@1.11.1
23 silly currentTree ├── set-immediate-shim@1.0.1
23 silly currentTree ├── setprototypeof@1.0.1
23 silly currentTree ├── shebang-regex@1.0.0
23 silly currentTree ├── signal-exit@3.0.0
23 silly currentTree ├── slash@1.0.0
23 silly currentTree ├── sntp@1.0.9
23 silly currentTree ├─┬ source-map-support@0.2.10
23 silly currentTree │ └── source-map@0.1.32
23 silly currentTree ├── source-map@0.5.6
23 silly currentTree ├── spdx-correct@1.0.2
23 silly currentTree ├── spdx-expression-parse@1.0.3
23 silly currentTree ├── spdx-license-ids@1.2.2
23 silly currentTree ├── split@0.3.3
23 silly currentTree ├─┬ sshpk@1.10.0
23 silly currentTree │ └── assert-plus@1.0.0
23 silly currentTree ├── statuses@1.3.0
23 silly currentTree ├── stream-combiner@0.0.4
23 silly currentTree ├── string_decoder@0.10.31
23 silly currentTree ├── stringstream@0.0.5
23 silly currentTree ├── strip-ansi@3.0.1
23 silly currentTree ├── strip-bom@2.0.0
23 silly currentTree ├── strip-indent@1.0.1
23 silly currentTree ├── supports-color@2.0.0
23 silly currentTree ├── taskgroup@5.0.1
23 silly currentTree ├── through@2.3.8
23 silly currentTree ├── to-fast-properties@1.0.2
23 silly currentTree ├── tough-cookie@2.3.1
23 silly currentTree ├── trim-newlines@1.0.0
23 silly currentTree ├── tunnel-agent@0.4.3
23 silly currentTree ├── tweetnacl@0.13.3
23 silly currentTree ├── type-is@1.6.13
23 silly currentTree ├── typechecker@4.3.0
23 silly currentTree ├── unix-crypt-td-js@1.0.0
23 silly currentTree ├── unpipe@1.0.0
23 silly currentTree ├── user-home@1.1.1
23 silly currentTree ├── util-deprecate@1.0.2
23 silly currentTree ├── utils-merge@1.0.0
23 silly currentTree ├── v8flags@2.0.11
23 silly currentTree ├── validate-npm-package-license@3.0.1
23 silly currentTree ├── vary@1.1.0
23 silly currentTree ├── verror@1.3.6
23 silly currentTree ├── watchr@2.6.0
23 silly currentTree ├── websocket-driver@0.6.5
23 silly currentTree ├── websocket-extensions@0.1.1
23 silly currentTree ├── wrappy@1.0.2
23 silly currentTree └── xtend@4.0.1
24 silly idealTree Michael
24 silly idealTree ├── accepts@1.3.3
24 silly idealTree ├── ambi@2.5.0
24 silly idealTree ├── amdefine@1.0.0
24 silly idealTree ├── ansi-regex@2.0.0
24 silly idealTree ├── ansi-styles@2.2.1
24 silly idealTree ├── anymatch@1.3.0
24 silly idealTree ├── apache-crypt@1.1.2
24 silly idealTree ├── apache-md5@1.0.6
24 silly idealTree ├── arr-diff@2.0.0
24 silly idealTree ├── arr-flatten@1.0.1
24 silly idealTree ├── array-find-index@1.0.1
24 silly idealTree ├── array-flatten@1.1.1
24 silly idealTree ├── array-uniq@1.0.3
24 silly idealTree ├── array-unique@0.2.1
24 silly idealTree ├── arrify@1.0.1
24 silly idealTree ├── asn1@0.2.3
24 silly idealTree ├── assert-plus@0.2.0
24 silly idealTree ├── async-each@1.0.1
24 silly idealTree ├── async@2.0.1
24 silly idealTree ├── aws-sign2@0.6.0
24 silly idealTree ├── aws4@1.4.1
24 silly idealTree ├─┬ babel-cli@6.14.0
24 silly idealTree │ ├── babel-core@6.14.0
24 silly idealTree │ ├── babel-generator@6.14.0
24 silly idealTree │ ├── babel-register@6.14.0
24 silly idealTree │ ├── babel-template@6.15.0
24 silly idealTree │ ├── babel-traverse@6.15.0
24 silly idealTree │ ├── babel-types@6.15.0
24 silly idealTree │ └── babylon@6.9.1
24 silly idealTree ├── babel-code-frame@6.11.0
24 silly idealTree ├── babel-core@6.13.2
24 silly idealTree ├── babel-generator@6.11.4
24 silly idealTree ├── babel-helpers@6.8.0
24 silly idealTree ├── babel-messages@6.8.0
24 silly idealTree ├── babel-polyfill@6.13.0
24 silly idealTree ├── babel-register@6.11.6
24 silly idealTree ├── babel-runtime@6.11.6
24 silly idealTree ├── babel-template@6.9.0
24 silly idealTree ├── babel-traverse@6.13.0
24 silly idealTree ├── babel-types@6.13.0
24 silly idealTree ├── babylon@6.8.4
24 silly idealTree ├── balanced-match@0.4.2
24 silly idealTree ├── basic-auth@1.0.4
24 silly idealTree ├── batch@0.5.3
24 silly idealTree ├─┬ bcrypt-pbkdf@1.0.0
24 silly idealTree │ └── tweetnacl@0.14.3
24 silly idealTree ├── bin-version-check@2.1.0
24 silly idealTree ├── bin-version@1.0.4
24 silly idealTree ├── binary-extensions@1.5.0
24 silly idealTree ├─┬ bl@1.1.2
24 silly idealTree │ └── readable-stream@2.0.6
24 silly idealTree ├─┬ body-parser@1.15.2
24 silly idealTree │ └── qs@6.2.0
24 silly idealTree ├── boom@2.10.1
24 silly idealTree ├── brace-expansion@1.1.6
24 silly idealTree ├── braces@1.8.5
24 silly idealTree ├── buffer-shims@1.0.0
24 silly idealTree ├── builtin-modules@1.1.1
24 silly idealTree ├── bytes@2.4.0
24 silly idealTree ├── camelcase-keys@2.1.0
24 silly idealTree ├── camelcase@2.1.1
24 silly idealTree ├── caseless@0.11.0
24 silly idealTree ├── chalk@1.1.1
24 silly idealTree ├── chokidar@1.6.0
24 silly idealTree ├── colors@1.1.2
24 silly idealTree ├── combined-stream@1.0.5
24 silly idealTree ├── commander@2.9.0
24 silly idealTree ├── concat-map@0.0.1
24 silly idealTree ├── connect@3.4.1
24 silly idealTree ├── content-disposition@0.5.1
24 silly idealTree ├── content-type@1.0.2
24 silly idealTree ├── convert-source-map@1.3.0
24 silly idealTree ├── cookie-signature@1.0.6
24 silly idealTree ├── cookie@0.3.1
24 silly idealTree ├── core-js@2.4.1
24 silly idealTree ├── core-util-is@1.0.2
24 silly idealTree ├── cors@2.7.1
24 silly idealTree ├── cryptiles@2.0.5
24 silly idealTree ├── csextends@1.0.3
24 silly idealTree ├── currently-unhandled@0.4.1
24 silly idealTree ├─┬ dashdash@1.14.0
24 silly idealTree │ └── assert-plus@1.0.0
24 silly idealTree ├── debug@2.2.0
24 silly idealTree ├── decamelize@1.2.0
24 silly idealTree ├── delayed-stream@1.0.0
24 silly idealTree ├── depd@1.1.0
24 silly idealTree ├── destroy@1.0.4
24 silly idealTree ├── detect-indent@3.0.1
24 silly idealTree ├── duplexer@0.1.1
24 silly idealTree ├── eachr@3.2.0
24 silly idealTree ├── ecc-jsbn@0.1.1
24 silly idealTree ├── editions@1.1.2
24 silly idealTree ├── ee-first@1.1.1
24 silly idealTree ├── encodeurl@1.0.1
24 silly idealTree ├── error-ex@1.3.0
24 silly idealTree ├── escape-html@1.0.3
24 silly idealTree ├── escape-string-regexp@1.0.5
24 silly idealTree ├── esutils@2.0.2
24 silly idealTree ├── etag@1.7.0
24 silly idealTree ├── event-stream@3.3.4
24 silly idealTree ├── expand-brackets@0.1.5
24 silly idealTree ├── expand-range@1.8.2
24 silly idealTree ├─┬ express@4.14.0
24 silly idealTree │ ├── finalhandler@0.5.0
24 silly idealTree │ └── qs@6.2.0
24 silly idealTree ├── extend@3.0.0
24 silly idealTree ├── extendr@3.2.2
24 silly idealTree ├── extglob@0.3.2
24 silly idealTree ├── extract-opts@3.3.1
24 silly idealTree ├── extsprintf@1.0.2
24 silly idealTree ├── faye-websocket@0.11.0
24 silly idealTree ├── filename-regex@2.0.0
24 silly idealTree ├── fill-range@2.2.3
24 silly idealTree ├── finalhandler@0.4.1
24 silly idealTree ├─┬ find-up@1.1.2
24 silly idealTree │ └── path-exists@2.1.0
24 silly idealTree ├── find-versions@1.2.1
24 silly idealTree ├── for-in@0.1.5
24 silly idealTree ├── for-own@0.1.4
24 silly idealTree ├── forever-agent@0.6.1
24 silly idealTree ├── form-data@1.0.1
24 silly idealTree ├── forwarded@0.1.0
24 silly idealTree ├── fresh@0.3.0
24 silly idealTree ├── from@0.1.3
24 silly idealTree ├── fs-readdir-recursive@0.1.2
24 silly idealTree ├─┬ fsevents@1.0.14
24 silly idealTree │ ├── abbrev@1.0.9
24 silly idealTree │ ├── ansi-regex@2.0.0
24 silly idealTree │ ├── ansi-styles@2.2.1
24 silly idealTree │ ├── aproba@1.0.4
24 silly idealTree │ ├── are-we-there-yet@1.1.2
24 silly idealTree │ ├── asn1@0.2.3
24 silly idealTree │ ├── assert-plus@0.2.0
24 silly idealTree │ ├── async@1.5.2
24 silly idealTree │ ├── aws-sign2@0.6.0
24 silly idealTree │ ├── aws4@1.4.1
24 silly idealTree │ ├── balanced-match@0.4.2
24 silly idealTree │ ├─┬ bl@1.1.2
24 silly idealTree │ │ └── readable-stream@2.0.6
24 silly idealTree │ ├── block-stream@0.0.9
24 silly idealTree │ ├── boom@2.10.1
24 silly idealTree │ ├── brace-expansion@1.1.5
24 silly idealTree │ ├── buffer-shims@1.0.0
24 silly idealTree │ ├── caseless@0.11.0
24 silly idealTree │ ├── chalk@1.1.3
24 silly idealTree │ ├── code-point-at@1.0.0
24 silly idealTree │ ├── combined-stream@1.0.5
24 silly idealTree │ ├── commander@2.9.0
24 silly idealTree │ ├── concat-map@0.0.1
24 silly idealTree │ ├── console-control-strings@1.1.0
24 silly idealTree │ ├── core-util-is@1.0.2
24 silly idealTree │ ├── cryptiles@2.0.5
24 silly idealTree │ ├─┬ dashdash@1.14.0
24 silly idealTree │ │ └── assert-plus@1.0.0
24 silly idealTree │ ├── debug@2.2.0
24 silly idealTree │ ├── deep-extend@0.4.1
24 silly idealTree │ ├── delayed-stream@1.0.0
24 silly idealTree │ ├── delegates@1.0.0
24 silly idealTree │ ├── ecc-jsbn@0.1.1
24 silly idealTree │ ├── escape-string-regexp@1.0.5
24 silly idealTree │ ├── extend@3.0.0
24 silly idealTree │ ├── extsprintf@1.0.2
24 silly idealTree │ ├── forever-agent@0.6.1
24 silly idealTree │ ├── form-data@1.0.0-rc4
24 silly idealTree │ ├── fs.realpath@1.0.0
24 silly idealTree │ ├── fstream-ignore@1.0.5
24 silly idealTree │ ├── fstream@1.0.10
24 silly idealTree │ ├── gauge@2.6.0
24 silly idealTree │ ├── generate-function@2.0.0
24 silly idealTree │ ├── generate-object-property@1.2.0
24 silly idealTree │ ├─┬ getpass@0.1.6
24 silly idealTree │ │ └── assert-plus@1.0.0
24 silly idealTree │ ├── glob@7.0.5
24 silly idealTree │ ├── graceful-fs@4.1.4
24 silly idealTree │ ├── graceful-readlink@1.0.1
24 silly idealTree │ ├── har-validator@2.0.6
24 silly idealTree │ ├── has-ansi@2.0.0
24 silly idealTree │ ├── has-color@0.1.7
24 silly idealTree │ ├── has-unicode@2.0.1
24 silly idealTree │ ├── hawk@3.1.3
24 silly idealTree │ ├── hoek@2.16.3
24 silly idealTree │ ├── http-signature@1.1.1
24 silly idealTree │ ├── inflight@1.0.5
24 silly idealTree │ ├── inherits@2.0.1
24 silly idealTree │ ├── ini@1.3.4
24 silly idealTree │ ├── is-fullwidth-code-point@1.0.0
24 silly idealTree │ ├── is-my-json-valid@2.13.1
24 silly idealTree │ ├── is-property@1.0.2
24 silly idealTree │ ├── is-typedarray@1.0.0
24 silly idealTree │ ├── isarray@1.0.0
24 silly idealTree │ ├── isstream@0.1.2
24 silly idealTree │ ├── jodid25519@1.0.2
24 silly idealTree │ ├── jsbn@0.1.0
24 silly idealTree │ ├── json-schema@0.2.2
24 silly idealTree │ ├── json-stringify-safe@5.0.1
24 silly idealTree │ ├── jsonpointer@2.0.0
24 silly idealTree │ ├── jsprim@1.3.0
24 silly idealTree │ ├── mime-db@1.23.0
24 silly idealTree │ ├── mime-types@2.1.11
24 silly idealTree │ ├── minimatch@3.0.2
24 silly idealTree │ ├── minimist@0.0.8
24 silly idealTree │ ├── mkdirp@0.5.1
24 silly idealTree │ ├── ms@0.7.1
24 silly idealTree │ ├── node-pre-gyp@0.6.29
24 silly idealTree │ ├── node-uuid@1.4.7
24 silly idealTree │ ├── nopt@3.0.6
24 silly idealTree │ ├── npmlog@3.1.2
24 silly idealTree │ ├── number-is-nan@1.0.0
24 silly idealTree │ ├── oauth-sign@0.8.2
24 silly idealTree │ ├── object-assign@4.1.0
24 silly idealTree │ ├── once@1.3.3
24 silly idealTree │ ├── path-is-absolute@1.0.0
24 silly idealTree │ ├── pinkie-promise@2.0.1
24 silly idealTree │ ├── pinkie@2.0.4
24 silly idealTree │ ├── process-nextick-args@1.0.7
24 silly idealTree │ ├── qs@6.2.0
24 silly idealTree │ ├─┬ rc@1.1.6
24 silly idealTree │ │ └── minimist@1.2.0
24 silly idealTree │ ├── readable-stream@2.1.4
24 silly idealTree │ ├── request@2.73.0
24 silly idealTree │ ├── rimraf@2.5.3
24 silly idealTree │ ├── semver@5.2.0
24 silly idealTree │ ├── set-blocking@2.0.0
24 silly idealTree │ ├── signal-exit@3.0.0
24 silly idealTree │ ├── sntp@1.0.9
24 silly idealTree │ ├─┬ sshpk@1.8.3
24 silly idealTree │ │ └── assert-plus@1.0.0
24 silly idealTree │ ├── string_decoder@0.10.31
24 silly idealTree │ ├── string-width@1.0.1
24 silly idealTree │ ├── stringstream@0.0.5
24 silly idealTree │ ├── strip-ansi@3.0.1
24 silly idealTree │ ├── strip-json-comments@1.0.4
24 silly idealTree │ ├── supports-color@2.0.0
24 silly idealTree │ ├── tar-pack@3.1.4
24 silly idealTree │ ├── tar@2.2.1
24 silly idealTree │ ├── tough-cookie@2.2.2
24 silly idealTree │ ├── tunnel-agent@0.4.3
24 silly idealTree │ ├── tweetnacl@0.13.3
24 silly idealTree │ ├── uid-number@0.0.6
24 silly idealTree │ ├── util-deprecate@1.0.2
24 silly idealTree │ ├── verror@1.3.6
24 silly idealTree │ ├── wide-align@1.1.0
24 silly idealTree │ ├── wrappy@1.0.2
24 silly idealTree │ └── xtend@4.0.1
24 silly idealTree ├── generate-function@2.0.0
24 silly idealTree ├── generate-object-property@1.2.0
24 silly idealTree ├── get-stdin@4.0.1
24 silly idealTree ├─┬ getpass@0.1.6
24 silly idealTree │ └── assert-plus@1.0.0
24 silly idealTree ├── glob-base@0.3.0
24 silly idealTree ├── glob-parent@2.0.0
24 silly idealTree ├── glob@5.0.15
24 silly idealTree ├── globals@8.18.0
24 silly idealTree ├── graceful-fs@4.1.5
24 silly idealTree ├── graceful-readlink@1.0.1
24 silly idealTree ├── har-validator@2.0.6
24 silly idealTree ├── has-ansi@2.0.0
24 silly idealTree ├── hawk@3.1.3
24 silly idealTree ├── hoek@2.16.3
24 silly idealTree ├── home-or-tmp@1.0.0
24 silly idealTree ├── hosted-git-info@2.1.5
24 silly idealTree ├── http-auth@2.4.4
24 silly idealTree ├── http-errors@1.5.0
24 silly idealTree ├── http-signature@1.1.1
24 silly idealTree ├── iconv-lite@0.4.13
24 silly idealTree ├── ignorefs@1.1.1
24 silly idealTree ├── ignorepatterns@1.1.0
24 silly idealTree ├─┬ indent-string@2.1.0
24 silly idealTree │ └── repeating@2.0.1
24 silly idealTree ├── inflight@1.0.5
24 silly idealTree ├── inherits@2.0.1
24 silly idealTree ├── invariant@2.2.1
24 silly idealTree ├── ipaddr.js@1.1.1
24 silly idealTree ├── is-arrayish@0.2.1
24 silly idealTree ├── is-binary-path@1.0.1
24 silly idealTree ├── is-buffer@1.1.4
24 silly idealTree ├── is-builtin-module@1.0.0
24 silly idealTree ├── is-dotfile@1.0.2
24 silly idealTree ├── is-equal-shallow@0.1.3
24 silly idealTree ├── is-extendable@0.1.1
24 silly idealTree ├── is-extglob@1.0.0
24 silly idealTree ├── is-finite@1.0.1
24 silly idealTree ├── is-glob@2.0.1
24 silly idealTree ├── is-my-json-valid@2.13.1
24 silly idealTree ├── is-number@2.1.0
24 silly idealTree ├── is-posix-bracket@0.1.1
24 silly idealTree ├── is-primitive@2.0.0
24 silly idealTree ├── is-property@1.0.2
24 silly idealTree ├── is-typedarray@1.0.0
24 silly idealTree ├── is-utf8@0.2.1
24 silly idealTree ├── isarray@1.0.0
24 silly idealTree ├── isobject@2.1.0
24 silly idealTree ├── isstream@0.1.2
24 silly idealTree ├── jodid25519@1.0.2
24 silly idealTree ├── jquery@3.1.0
24 silly idealTree ├── js-tokens@2.0.0
24 silly idealTree ├── jsbn@0.1.0
24 silly idealTree ├── json-schema@0.2.2
24 silly idealTree ├── json-stringify-safe@5.0.1
24 silly idealTree ├── json5@0.4.0
24 silly idealTree ├── jsonpointer@2.0.0
24 silly idealTree ├── jsprim@1.3.0
24 silly idealTree ├── kind-of@3.0.4
24 silly idealTree ├─┬ live-server@1.1.0
24 silly idealTree │ └── object-assign@4.1.0
24 silly idealTree ├── load-json-file@1.1.0
24 silly idealTree ├── lodash@4.15.0
24 silly idealTree ├── log-symbols@1.0.2
24 silly idealTree ├─┬ loose-envify@1.2.0
24 silly idealTree │ └── js-tokens@1.0.3
24 silly idealTree ├── loud-rejection@1.6.0
24 silly idealTree ├── map-obj@1.0.1
24 silly idealTree ├── map-stream@0.1.0
24 silly idealTree ├── media-typer@0.3.0
24 silly idealTree ├── meow@3.7.0
24 silly idealTree ├── merge-descriptors@1.0.1
24 silly idealTree ├── methods@1.1.2
24 silly idealTree ├── micromatch@2.3.11
24 silly idealTree ├── mime-db@1.23.0
24 silly idealTree ├── mime-types@2.1.11
24 silly idealTree ├── mime@1.3.4
24 silly idealTree ├── minimatch@3.0.3
24 silly idealTree ├── minimist@1.2.0
24 silly idealTree ├─┬ mkdirp@0.5.1
24 silly idealTree │ └── minimist@0.0.8
24 silly idealTree ├── morgan@1.7.0
24 silly idealTree ├── ms@0.7.1
24 silly idealTree ├── nan@2.4.0
24 silly idealTree ├── negotiator@0.6.1
24 silly idealTree ├── node-uuid@1.4.7
24 silly idealTree ├── normalize-package-data@2.3.5
24 silly idealTree ├── normalize-path@2.0.1
24 silly idealTree ├── number-is-nan@1.0.0
24 silly idealTree ├── oauth-sign@0.8.2
24 silly idealTree ├── object-assign@4.1.0
24 silly idealTree ├── object.omit@2.0.0
24 silly idealTree ├── on-finished@2.3.0
24 silly idealTree ├── on-headers@1.0.1
24 silly idealTree ├── once@1.3.3
24 silly idealTree ├── opn@4.0.2
24 silly idealTree ├── os-tmpdir@1.0.1
24 silly idealTree ├── output-file-sync@1.1.2
24 silly idealTree ├── parse-glob@3.0.4
24 silly idealTree ├── parse-json@2.2.0
24 silly idealTree ├── parseurl@1.3.1
24 silly idealTree ├── path-exists@1.0.0
24 silly idealTree ├── path-is-absolute@1.0.0
24 silly idealTree ├── path-to-regexp@0.1.7
24 silly idealTree ├── path-type@1.1.0
24 silly idealTree ├── pause-stream@0.0.11
24 silly idealTree ├── pify@2.3.0
24 silly idealTree ├── pinkie-promise@2.0.1
24 silly idealTree ├── pinkie@2.0.4
24 silly idealTree ├── preserve@0.2.0
24 silly idealTree ├── private@0.1.6
24 silly idealTree ├── process-nextick-args@1.0.7
24 silly idealTree ├── proxy-addr@1.1.2
24 silly idealTree ├── proxy-middleware@0.15.0
24 silly idealTree ├── qs@6.2.1
24 silly idealTree ├── randomatic@1.1.5
24 silly idealTree ├── range-parser@1.2.0
24 silly idealTree ├── raw-body@2.1.7
24 silly idealTree ├── read-pkg-up@1.0.1
24 silly idealTree ├── read-pkg@1.1.0
24 silly idealTree ├── readable-stream@2.1.5
24 silly idealTree ├── readdirp@2.1.0
24 silly idealTree ├── redent@1.0.0
24 silly idealTree ├── regenerator-runtime@0.9.5
24 silly idealTree ├── regex-cache@0.4.3
24 silly idealTree ├── repeat-element@1.1.2
24 silly idealTree ├── repeat-string@1.5.4
24 silly idealTree ├── repeating@1.1.3
24 silly idealTree ├── request@2.74.0
24 silly idealTree ├── safefs@4.1.0
24 silly idealTree ├─┬ scandirectory@2.5.0
24 silly idealTree │ ├── safefs@3.2.2
24 silly idealTree │ └── taskgroup@4.3.1
24 silly idealTree ├── semver-regex@1.0.0
24 silly idealTree ├─┬ semver-truncate@1.1.2
24 silly idealTree │ └── semver@5.3.0
24 silly idealTree ├── semver@4.3.6
24 silly idealTree ├── send@0.14.1
24 silly idealTree ├── serve-index@1.8.0
24 silly idealTree ├── serve-static@1.11.1
24 silly idealTree ├── set-immediate-shim@1.0.1
24 silly idealTree ├── setprototypeof@1.0.1
24 silly idealTree ├── shebang-regex@1.0.0
24 silly idealTree ├── signal-exit@3.0.0
24 silly idealTree ├── slash@1.0.0
24 silly idealTree ├── sntp@1.0.9
24 silly idealTree ├─┬ source-map-support@0.2.10
24 silly idealTree │ └── source-map@0.1.32
24 silly idealTree ├── source-map@0.5.6
24 silly idealTree ├── spdx-correct@1.0.2
24 silly idealTree ├── spdx-expression-parse@1.0.3
24 silly idealTree ├── spdx-license-ids@1.2.2
24 silly idealTree ├── split@0.3.3
24 silly idealTree ├─┬ sshpk@1.10.0
24 silly idealTree │ └── assert-plus@1.0.0
24 silly idealTree ├── statuses@1.3.0
24 silly idealTree ├── stream-combiner@0.0.4
24 silly idealTree ├── string_decoder@0.10.31
24 silly idealTree ├── stringstream@0.0.5
24 silly idealTree ├── strip-ansi@3.0.1
24 silly idealTree ├── strip-bom@2.0.0
24 silly idealTree ├── strip-indent@1.0.1
24 silly idealTree ├── supports-color@2.0.0
24 silly idealTree ├── taskgroup@5.0.1
24 silly idealTree ├── through@2.3.8
24 silly idealTree ├── to-fast-properties@1.0.2
24 silly idealTree ├── tough-cookie@2.3.1
24 silly idealTree ├── trim-newlines@1.0.0
24 silly idealTree ├── tunnel-agent@0.4.3
24 silly idealTree ├── tweetnacl@0.13.3
24 silly idealTree ├── type-is@1.6.13
24 silly idealTree ├── typechecker@4.3.0
24 silly idealTree ├── unix-crypt-td-js@1.0.0
24 silly idealTree ├── unpipe@1.0.0
24 silly idealTree ├── user-home@1.1.1
24 silly idealTree ├── util-deprecate@1.0.2
24 silly idealTree ├── utils-merge@1.0.0
24 silly idealTree ├── v8flags@2.0.11
24 silly idealTree ├── validate-npm-package-license@3.0.1
24 silly idealTree ├── vary@1.1.0
24 silly idealTree ├── verror@1.3.6
24 silly idealTree ├── watchr@2.6.0
24 silly idealTree ├── websocket-driver@0.6.5
24 silly idealTree ├── websocket-extensions@0.1.1
24 silly idealTree ├── wrappy@1.0.2
24 silly idealTree └── xtend@4.0.1
25 silly generateActionsToTake Starting
26 silly install generateActionsToTake
27 silly generateActionsToTake Finishing
28 silly diffTrees action count 3
29 silly diffTrees update babel-cli@6.14.0
30 silly diffTrees update jquery@3.1.0
31 silly diffTrees update live-server@1.1.0
32 silly decomposeActions action count 24
33 silly decomposeActions fetch babel-cli@6.14.0
34 silly decomposeActions extract babel-cli@6.14.0
35 silly decomposeActions test babel-cli@6.14.0
36 silly decomposeActions preinstall babel-cli@6.14.0
37 silly decomposeActions build babel-cli@6.14.0
38 silly decomposeActions install babel-cli@6.14.0
39 silly decomposeActions postinstall babel-cli@6.14.0
40 silly decomposeActions finalize babel-cli@6.14.0
41 silly decomposeActions fetch jquery@3.1.0
42 silly decomposeActions extract jquery@3.1.0
43 silly decomposeActions test jquery@3.1.0
44 silly decomposeActions preinstall jquery@3.1.0
45 silly decomposeActions build jquery@3.1.0
46 silly decomposeActions install jquery@3.1.0
47 silly decomposeActions postinstall jquery@3.1.0
48 silly decomposeActions finalize jquery@3.1.0
49 silly decomposeActions fetch live-server@1.1.0
50 silly decomposeActions extract live-server@1.1.0
51 silly decomposeActions test live-server@1.1.0
52 silly decomposeActions preinstall live-server@1.1.0
53 silly decomposeActions build live-server@1.1.0
54 silly decomposeActions install live-server@1.1.0
55 silly decomposeActions postinstall live-server@1.1.0
56 silly decomposeActions finalize live-server@1.1.0
57 silly executeActions Starting
58 silly install executeActions
59 silly doSerial global-install 0
60 silly doParallel fetch 3
61 verbose correctMkdir /Users/Michael/.npm/_locks correctMkdir not in flight; initializing
62 verbose lock using /Users/Michael/.npm/_locks/staging-56e1a264bc1c967b.lock for /Users/Michael/node_modules/.staging
63 silly doParallel extract 3
64 silly extract babel-cli@6.14.0
65 silly extract jquery@3.1.0
66 silly extract live-server@1.1.0
67 verbose unbuild node_modules/.staging/jquery-16635834
68 verbose unbuild node_modules/.staging/babel-cli-1007e487
69 verbose unbuild node_modules/.staging/live-server-ae36baa4
70 silly gentlyRm /Users/Michael/node_modules/.staging/jquery-16635834 is being purged from base /Users/Michael
71 verbose gentlyRm don't care about contents; nuking /Users/Michael/node_modules/.staging/jquery-16635834
72 silly gentlyRm /Users/Michael/node_modules/.staging/babel-cli-1007e487 is being purged from base /Users/Michael
73 verbose gentlyRm don't care about contents; nuking /Users/Michael/node_modules/.staging/babel-cli-1007e487
74 verbose tar unpack /Users/Michael/.npm/jquery/3.1.0/package.tgz
75 verbose tar unpacking to /Users/Michael/node_modules/.staging/jquery-16635834
76 silly gentlyRm /Users/Michael/node_modules/.staging/jquery-16635834 is being purged
77 verbose gentlyRm don't care about contents; nuking /Users/Michael/node_modules/.staging/jquery-16635834
78 silly gentlyRm /Users/Michael/node_modules/.staging/live-server-ae36baa4 is being purged from base /Users/Michael
79 verbose gentlyRm don't care about contents; nuking /Users/Michael/node_modules/.staging/live-server-ae36baa4
80 verbose tar unpack /Users/Michael/.npm/babel-cli/6.14.0/package.tgz
81 verbose tar unpacking to /Users/Michael/node_modules/.staging/babel-cli-1007e487
82 silly gentlyRm /Users/Michael/node_modules/.staging/babel-cli-1007e487 is being purged
83 verbose gentlyRm don't care about contents; nuking /Users/Michael/node_modules/.staging/babel-cli-1007e487
84 silly gunzTarPerm modes [ '755', '644' ]
85 verbose tar unpack /Users/Michael/.npm/live-server/1.1.0/package.tgz
86 verbose tar unpacking to /Users/Michael/node_modules/.staging/live-server-ae36baa4
87 silly gentlyRm /Users/Michael/node_modules/.staging/live-server-ae36baa4 is being purged
88 verbose gentlyRm don't care about contents; nuking /Users/Michael/node_modules/.staging/live-server-ae36baa4
89 silly gunzTarPerm modes [ '755', '644' ]
90 silly gunzTarPerm modes [ '755', '644' ]
91 silly gunzTarPerm extractEntry package.json
92 silly gunzTarPerm extractEntry package.json
93 silly gunzTarPerm extractEntry package.json
94 silly gunzTarPerm modified mode [ 'package.json', 436, 420 ]
95 silly gunzTarPerm extractEntry README.md
96 silly gunzTarPerm extractEntry AUTHORS.txt
97 silly gunzTarPerm extractEntry .npmignore
98 silly gunzTarPerm modified mode [ '.npmignore', 436, 420 ]
99 silly gunzTarPerm extractEntry README.md
100 silly gunzTarPerm modified mode [ 'README.md', 436, 420 ]
101 silly gunzTarPerm extractEntry .npmignore
102 silly gunzTarPerm extractEntry README.md
103 silly gunzTarPerm extractEntry index.js
104 silly gunzTarPerm modified mode [ 'index.js', 436, 420 ]
105 silly gunzTarPerm extractEntry live-server.js
106 silly gunzTarPerm modified mode [ 'live-server.js', 509, 493 ]
107 silly gunzTarPerm extractEntry .editorconfig
108 silly gunzTarPerm modified mode [ '.editorconfig', 436, 420 ]
109 silly gunzTarPerm extractEntry injected.html
110 silly gunzTarPerm modified mode [ 'injected.html', 436, 420 ]
111 silly gunzTarPerm extractEntry .travis.yml
112 silly gunzTarPerm modified mode [ '.travis.yml', 436, 420 ]
113 silly gunzTarPerm extractEntry CONTRIBUTING.md
114 silly gunzTarPerm modified mode [ 'CONTRIBUTING.md', 436, 420 ]
115 silly gunzTarPerm extractEntry test/acceptance.js
116 silly gunzTarPerm modified mode [ 'test/acceptance.js', 436, 420 ]
117 silly gunzTarPerm extractEntry test/cli.js
118 silly gunzTarPerm modified mode [ 'test/cli.js', 436, 420 ]
119 silly gunzTarPerm extractEntry test/cors.js
120 silly gunzTarPerm modified mode [ 'test/cors.js', 436, 420 ]
121 silly gunzTarPerm extractEntry test/htpasswd.js
122 silly gunzTarPerm modified mode [ 'test/htpasswd.js', 436, 420 ]
123 silly gunzTarPerm extractEntry test/https.js
124 silly gunzTarPerm modified mode [ 'test/https.js', 436, 420 ]
125 silly gunzTarPerm extractEntry test/middleware.js
126 silly gunzTarPerm modified mode [ 'test/middleware.js', 436, 420 ]
127 silly gunzTarPerm extractEntry test/mount.js
128 silly gunzTarPerm modified mode [ 'test/mount.js', 436, 420 ]
129 silly gunzTarPerm extractEntry test/proxy.js
130 silly gunzTarPerm modified mode [ 'test/proxy.js', 436, 420 ]
131 silly gunzTarPerm extractEntry test/conf/https.conf.js
132 silly gunzTarPerm modified mode [ 'test/conf/https.conf.js', 436, 420 ]
133 silly gunzTarPerm extractEntry test/conf/server.cert
134 silly gunzTarPerm modified mode [ 'test/conf/server.cert', 436, 420 ]
135 silly gunzTarPerm extractEntry test/conf/server.key
136 silly gunzTarPerm modified mode [ 'test/conf/server.key', 436, 420 ]
137 silly gunzTarPerm extractEntry test/data/fragment.html
138 silly gunzTarPerm modified mode [ 'test/data/fragment.html', 436, 420 ]
139 silly gunzTarPerm extractEntry test/data/htpasswd-test
140 silly gunzTarPerm modified mode [ 'test/data/htpasswd-test', 436, 420 ]
141 silly gunzTarPerm extractEntry test/data/index-caps.htm
142 silly gunzTarPerm modified mode [ 'test/data/index-caps.htm', 436, 420 ]
143 silly gunzTarPerm extractEntry test/data/index.html
144 silly gunzTarPerm modified mode [ 'test/data/index.html', 436, 420 ]
145 silly gunzTarPerm extractEntry test/data/style.css
146 silly gunzTarPerm modified mode [ 'test/data/style.css', 436, 420 ]
147 silly gunzTarPerm extractEntry test/data/sub/sub.html
148 silly gunzTarPerm modified mode [ 'test/data/sub/sub.html', 436, 420 ]
149 silly gunzTarPerm extractEntry test/data/test.svg
150 silly gunzTarPerm modified mode [ 'test/data/test.svg', 436, 420 ]
151 silly gunzTarPerm extractEntry LICENSE.txt
152 silly gunzTarPerm extractEntry index.js
153 silly gunzTarPerm extractEntry lib/_babel-node.js
154 silly gunzTarPerm extractEntry lib/babel-external-helpers.js
155 silly gunzTarPerm extractEntry lib/babel-node.js
156 silly gunzTarPerm extractEntry bower.json
157 silly gunzTarPerm extractEntry dist/core.js
158 silly gunzTarPerm extractEntry lib/babel/dir.js
159 silly gunzTarPerm extractEntry lib/babel/file.js
160 silly gunzTarPerm extractEntry lib/babel/index.js
161 silly gunzTarPerm extractEntry lib/babel/util.js
162 silly gunzTarPerm extractEntry lib/babel-doctor/index.js
163 silly gunzTarPerm extractEntry lib/babel-doctor/rules/deduped.js
164 silly gunzTarPerm extractEntry lib/babel-doctor/rules/has-config.js
165 silly gunzTarPerm extractEntry lib/babel-doctor/rules/index.js
166 silly gunzTarPerm extractEntry lib/babel-doctor/rules/latest-packages.js
167 silly gunzTarPerm extractEntry lib/babel-doctor/rules/npm-3.js
168 silly gunzTarPerm extractEntry bin/babel-doctor.js
169 silly gunzTarPerm extractEntry bin/babel-external-helpers.js
170 silly gunzTarPerm extractEntry bin/babel-node.js
171 silly gunzTarPerm extractEntry bin/babel.js
172 silly gunzTarPerm extractEntry scripts/bootstrap.sh
173 silly gunzTarPerm extractEntry dist/jquery.js
174 silly gunzTarPerm extractEntry dist/jquery.min.js
175 silly gunzTarPerm extractEntry dist/jquery.slim.js
176 silly gunzTarPerm extractEntry dist/jquery.slim.min.js
177 silly gunzTarPerm extractEntry dist/jquery.min.map
178 silly gunzTarPerm extractEntry dist/jquery.slim.min.map
179 silly gunzTarPerm extractEntry external/sizzle/LICENSE.txt
180 silly gunzTarPerm extractEntry external/sizzle/dist/sizzle.js
181 silly gunzTarPerm extractEntry external/sizzle/dist/sizzle.min.js
182 silly gunzTarPerm extractEntry external/sizzle/dist/sizzle.min.map
183 silly gunzTarPerm extractEntry src/wrap.js
184 silly gunzTarPerm extractEntry src/core.js
185 silly gunzTarPerm extractEntry src/selector.js
186 silly gunzTarPerm extractEntry src/css.js
187 silly gunzTarPerm extractEntry src/selector-sizzle.js
188 silly gunzTarPerm extractEntry src/serialize.js
189 silly gunzTarPerm extractEntry src/selector-native.js
190 silly gunzTarPerm extractEntry src/deferred.js
191 silly gunzTarPerm extractEntry src/deprecated.js
192 silly gunzTarPerm extractEntry src/dimensions.js
193 silly gunzTarPerm extractEntry src/queue.js
194 silly gunzTarPerm extractEntry src/callbacks.js
195 silly gunzTarPerm extractEntry src/offset.js
196 silly gunzTarPerm extractEntry src/attributes.js
197 silly gunzTarPerm extractEntry src/manipulation.js
198 silly gunzTarPerm extractEntry src/traversing.js
199 silly gunzTarPerm extractEntry src/event.js
200 silly gunzTarPerm extractEntry src/ajax.js
201 silly gunzTarPerm extractEntry src/jquery.js
202 silly gunzTarPerm extractEntry src/data.js
203 silly gunzTarPerm extractEntry src/effects.js
204 silly gunzTarPerm extractEntry src/data/Data.js
205 silly gunzTarPerm extractEntry src/data/var/acceptData.js
206 silly gunzTarPerm extractEntry src/data/var/dataPriv.js
207 silly gunzTarPerm extractEntry src/data/var/dataUser.js
208 silly gunzTarPerm extractEntry src/exports/amd.js
209 silly gunzTarPerm extractEntry src/exports/global.js
210 silly gunzTarPerm extractEntry src/event/ajax.js
211 silly gunzTarPerm extractEntry src/event/alias.js
212 silly gunzTarPerm extractEntry src/event/focusin.js
213 silly gunzTarPerm extractEntry src/event/support.js
214 silly gunzTarPerm extractEntry src/event/trigger.js
215 silly gunzTarPerm extractEntry src/ajax/jsonp.js
216 silly gunzTarPerm extractEntry src/ajax/load.js
217 silly gunzTarPerm extractEntry src/ajax/parseXML.js
218 silly gunzTarPerm extractEntry src/ajax/script.js
219 silly gunzTarPerm extractEntry src/ajax/xhr.js
220 silly gunzTarPerm extractEntry src/ajax/var/location.js
221 silly gunzTarPerm extractEntry src/ajax/var/nonce.js
222 silly gunzTarPerm extractEntry src/ajax/var/rquery.js
223 silly gunzTarPerm extractEntry src/queue/delay.js
224 silly gunzTarPerm extractEntry src/effects/Tween.js
225 silly gunzTarPerm extractEntry src/effects/animatedSelector.js
226 silly gunzTarPerm extractEntry src/deferred/exceptionHook.js
227 silly gentlyRm /Users/Michael/node_modules/.staging/babel-cli-1007e487/node_modules is being purged
228 verbose gentlyRm don't care about contents; nuking /Users/Michael/node_modules/.staging/babel-cli-1007e487/node_modules
229 silly gunzTarPerm extractEntry src/manipulation/_evalUrl.js
230 silly gunzTarPerm extractEntry src/manipulation/buildFragment.js
231 silly gunzTarPerm extractEntry src/manipulation/getAll.js
232 silly gunzTarPerm extractEntry src/manipulation/setGlobalEval.js
233 silly gunzTarPerm extractEntry src/manipulation/support.js
234 silly gunzTarPerm extractEntry src/manipulation/wrapMap.js
235 silly gunzTarPerm extractEntry src/manipulation/var/rcheckableType.js
236 silly gunzTarPerm extractEntry src/manipulation/var/rscriptType.js
237 silly gunzTarPerm extractEntry src/manipulation/var/rtagName.js
238 silly gunzTarPerm extractEntry src/css/addGetHookIf.js
239 silly gunzTarPerm extractEntry src/css/adjustCSS.js
240 silly gunzTarPerm extractEntry src/css/curCSS.js
241 silly gunzTarPerm extractEntry src/css/hiddenVisibleSelectors.js
242 silly gentlyRm /Users/Michael/node_modules/.staging/live-server-ae36baa4/node_modules is being purged
243 verbose gentlyRm don't care about contents; nuking /Users/Michael/node_modules/.staging/live-server-ae36baa4/node_modules
244 silly gunzTarPerm extractEntry src/css/showHide.js
245 silly gunzTarPerm extractEntry src/css/support.js
246 silly gunzTarPerm extractEntry src/css/var/cssExpand.js
247 silly gunzTarPerm extractEntry src/css/var/getStyles.js
248 silly gunzTarPerm extractEntry src/css/var/isHiddenWithinTree.js
249 silly gunzTarPerm extractEntry src/css/var/rmargin.js
250 silly gunzTarPerm extractEntry src/css/var/rnumnonpx.js
251 silly gunzTarPerm extractEntry src/css/var/swap.js
252 silly gunzTarPerm extractEntry src/core/DOMEval.js
253 silly gunzTarPerm extractEntry src/core/access.js
254 silly gunzTarPerm extractEntry src/core/init.js
255 silly gunzTarPerm extractEntry src/core/parseHTML.js
256 silly gunzTarPerm extractEntry src/core/ready-no-deferred.js
257 silly gunzTarPerm extractEntry src/core/ready.js
258 silly gunzTarPerm extractEntry src/core/readyException.js
259 silly gunzTarPerm extractEntry src/core/support.js
260 silly gunzTarPerm extractEntry src/core/var/rsingleTag.js
261 silly gunzTarPerm extractEntry src/traversing/findFilter.js
262 silly gunzTarPerm extractEntry src/traversing/var/dir.js
263 silly gunzTarPerm extractEntry src/traversing/var/rneedsContext.js
264 silly gunzTarPerm extractEntry src/traversing/var/siblings.js
265 silly gunzTarPerm extractEntry src/attributes/attr.js
266 silly gunzTarPerm extractEntry src/attributes/classes.js
267 silly gunzTarPerm extractEntry src/attributes/prop.js
268 silly gunzTarPerm extractEntry src/attributes/support.js
269 silly gunzTarPerm extractEntry src/attributes/val.js
270 silly gunzTarPerm extractEntry src/var/ObjectFunctionString.js
271 silly gunzTarPerm extractEntry src/var/documentElement.js
272 silly gunzTarPerm extractEntry src/var/fnToString.js
273 silly gunzTarPerm extractEntry src/var/getProto.js
274 silly gunzTarPerm extractEntry src/var/document.js
275 silly gunzTarPerm extractEntry src/var/indexOf.js
276 silly gunzTarPerm extractEntry src/var/pnum.js
277 silly gunzTarPerm extractEntry src/var/push.js
278 silly gunzTarPerm extractEntry src/var/rcssNum.js
279 silly gunzTarPerm extractEntry src/var/rnotwhite.js
280 silly gunzTarPerm extractEntry src/var/concat.js
281 silly gunzTarPerm extractEntry src/var/slice.js
282 silly gunzTarPerm extractEntry src/var/class2type.js
283 silly gunzTarPerm extractEntry src/var/support.js
284 silly gunzTarPerm extractEntry src/var/arr.js
285 silly gunzTarPerm extractEntry src/var/toString.js
286 silly gunzTarPerm extractEntry src/var/hasOwn.js
287 silly gunzTarPerm extractEntry src/.eslintrc
288 silly gentlyRm /Users/Michael/node_modules/.staging/jquery-16635834/node_modules is being purged
289 verbose gentlyRm don't care about contents; nuking /Users/Michael/node_modules/.staging/jquery-16635834/node_modules
290 silly doParallel preinstall 3
291 silly preinstall babel-cli@6.14.0 /Users/Michael/node_modules/.staging/babel-cli-1007e487
292 info lifecycle babel-cli@6.14.0~preinstall: babel-cli@6.14.0
293 silly preinstall jquery@3.1.0 /Users/Michael/node_modules/.staging/jquery-16635834
294 info lifecycle jquery@3.1.0~preinstall: jquery@3.1.0
295 silly preinstall live-server@1.1.0 /Users/Michael/node_modules/.staging/live-server-ae36baa4
296 info lifecycle live-server@1.1.0~preinstall: live-server@1.1.0
297 silly lifecycle babel-cli@6.14.0~preinstall: no script for preinstall, continuing
298 silly lifecycle jquery@3.1.0~preinstall: no script for preinstall, continuing
299 silly lifecycle live-server@1.1.0~preinstall: no script for preinstall, continuing
300 silly doReverseSerial remove 0
301 silly doSerial move 0
302 silly doSerial finalize 3
303 silly finalize /Users/Michael/node_modules/babel-cli
304 verbose unlock done using /Users/Michael/.npm/_locks/staging-56e1a264bc1c967b.lock for /Users/Michael/node_modules/.staging
305 silly rollbackFailedOptional Starting
306 silly rollbackFailedOptional Finishing
307 silly runTopLevelLifecycles Starting
308 silly runTopLevelLifecycles Finishing
309 silly install printInstalled
310 warn enoent ENOENT: no such file or directory, open '/Users/Michael/package.json'
311 warn Michael No description
312 warn Michael No repository field.
313 warn Michael No README data
314 warn Michael No license field.
315 verbose stack Error: EACCES: permission denied, rename '/Users/Michael/node_modules/.babel-cli.DELETE/node_modules/.bin' -> '/Users/Michael/node_modules/babel-cli/node_modules/.bin'
315 verbose stack     at /usr/local/lib/node_modules/npm/lib/install/action/finalize.js:64:7
315 verbose stack     at /usr/local/lib/node_modules/npm/node_modules/slide/lib/async-map.js:52:35
315 verbose stack     at Array.forEach (native)
315 verbose stack     at /usr/local/lib/node_modules/npm/node_modules/slide/lib/async-map.js:52:11
315 verbose stack     at Array.forEach (native)
315 verbose stack     at asyncMap (/usr/local/lib/node_modules/npm/node_modules/slide/lib/async-map.js:51:8)
315 verbose stack     at moveModules (/usr/local/lib/node_modules/npm/lib/install/action/finalize.js:61:5)
315 verbose stack     at /usr/local/lib/node_modules/npm/lib/install/action/finalize.js:56:70
315 verbose stack     at /usr/local/lib/node_modules/npm/node_modules/mkdirp/index.js:30:20
315 verbose stack     at FSReqWrap.oncomplete (fs.js:117:15)
315 verbose stack
315 verbose stack Error: EACCES: permission denied, rename '/Users/Michael/node_modules/.babel-cli.DELETE/node_modules/.bin' -> '/Users/Michael/node_modules/babel-cli/node_modules/.bin'
315 verbose stack     at Error (native)
316 verbose cwd /Users/Michael/HR/Greenfield/phaser experiment
317 error Darwin 15.6.0
318 error argv "/usr/local/bin/node" "/usr/local/bin/npm" "install"
319 error node v6.2.2
320 error npm  v3.9.5
321 error path /Users/Michael/node_modules/.babel-cli.DELETE/node_modules/.bin
322 error code EACCES
323 error errno -13
324 error syscall rename
325 error Error: EACCES: permission denied, rename '/Users/Michael/node_modules/.babel-cli.DELETE/node_modules/.bin' -> '/Users/Michael/node_modules/babel-cli/node_modules/.bin'
325 error     at /usr/local/lib/node_modules/npm/lib/install/action/finalize.js:64:7
325 error     at /usr/local/lib/node_modules/npm/node_modules/slide/lib/async-map.js:52:35
325 error     at Array.forEach (native)
325 error     at /usr/local/lib/node_modules/npm/node_modules/slide/lib/async-map.js:52:11
325 error     at Array.forEach (native)
325 error     at asyncMap (/usr/local/lib/node_modules/npm/node_modules/slide/lib/async-map.js:51:8)
325 error     at moveModules (/usr/local/lib/node_modules/npm/lib/install/action/finalize.js:61:5)
325 error     at /usr/local/lib/node_modules/npm/lib/install/action/finalize.js:56:70
325 error     at /usr/local/lib/node_modules/npm/node_modules/mkdirp/index.js:30:20
325 error     at FSReqWrap.oncomplete (fs.js:117:15)
325 error
325 error Error: EACCES: permission denied, rename '/Users/Michael/node_modules/.babel-cli.DELETE/node_modules/.bin' -> '/Users/Michael/node_modules/babel-cli/node_modules/.bin'
325 error     at Error (native)
325 error  Error: EACCES: permission denied, rename '/Users/Michael/node_modules/.babel-cli.DELETE/node_modules/.bin' -> '/Users/Michael/node_modules/babel-cli/node_modules/.bin'
325 error     at /usr/local/lib/node_modules/npm/lib/install/action/finalize.js:64:7
325 error     at /usr/local/lib/node_modules/npm/node_modules/slide/lib/async-map.js:52:35
325 error     at Array.forEach (native)
325 error     at /usr/local/lib/node_modules/npm/node_modules/slide/lib/async-map.js:52:11
325 error     at Array.forEach (native)
325 error     at asyncMap (/usr/local/lib/node_modules/npm/node_modules/slide/lib/async-map.js:51:8)
325 error     at moveModules (/usr/local/lib/node_modules/npm/lib/install/action/finalize.js:61:5)
325 error     at /usr/local/lib/node_modules/npm/lib/install/action/finalize.js:56:70
325 error     at /usr/local/lib/node_modules/npm/node_modules/mkdirp/index.js:30:20
325 error     at FSReqWrap.oncomplete (fs.js:117:15)
325 error
325 error Error: EACCES: permission denied, rename '/Users/Michael/node_modules/.babel-cli.DELETE/node_modules/.bin' -> '/Users/Michael/node_modules/babel-cli/node_modules/.bin'
325 error     at Error (native)
326 error Please try running this command again as root/Administrator.
327 verbose exit [ -13, true ]
